C51 COMPILER V9.01   MAIN                                                                  04/29/2021 11:10:05 PAGE 1   


C51 COMPILER V9.01, COMPILATION OF MODULE MAIN
OBJECT MODULE PLACED IN main.OBJ
COMPILER INVOKED BY: D:\Keil\C51\BIN\C51.EXE main.c BROWSE DEBUG OBJECTEXTEND

line level    source

   1          #include <REGX52.H>
   2          #include "DELAY.H"
   3          #include "LCD1602.H"
   4          #include "matrixkey.H"
   5          
   6          int pass;
   7          char NUM,count;
   8          void main()
   9          {
  10   1      
  11   1              LCD_Init();
  12   1              LCD_ShowString(1,1,"Pass world:");
  13   1              
  14   1              while(1)
  15   1              {
  16   2                      NUM=matrixkey();
  17   2                      if(NUM)
  18   2                      {
  19   3                              if(NUM<=10)               //如果1到10的按钮按下，输入密码
  20   3                              {
  21   4                                      if(count<4)               //超过四位就不再输入
  22   4                                      {
  23   5                                              pass*=10;
  24   5                                              pass+=NUM%10;
  25   5                                              count++;          //计次
  26   5                                      }
  27   4                              }
  28   3                              LCD_ShowNum(2,2,pass,4);
  29   3                      
  30   3      
  31   3                              if(NUM==11)       //确认键
  32   3                              {
  33   4                                       if(pass==1234)                 //如果密码等于1234，显示ok
  34   4                                       {
  35   5                                              LCD_ShowString(1,13,"OK ");
  36   5                                              pass=0;                                           //密码清零
  37   5                                              count=0;                                          //计数清零
  38   5                                              LCD_ShowNum(2,2,pass,4);         //更新显示
  39   5                                       }
  40   4                                       else
  41   4                                       {
  42   5                                              LCD_ShowString(1,13,"err");         
  43   5                                              pass=0;                                                 //密码清零
  44   5                                              count=0;                                                //计数清零
  45   5                                              LCD_ShowNum(2,2,pass,4);          //更新显示
  46   5                                       }
  47   4                              }
  48   3      
  49   3                                if(NUM==12)
  50   3                                {
  51   4                                              pass=0;                                                 //密码清零
  52   4                                              count=0;                                                //计数清零
  53   4                                              LCD_ShowNum(2,2,pass,4);          //更新显示    
  54   4                                }
  55   3      
C51 COMPILER V9.01   MAIN                                                                  04/29/2021 11:10:05 PAGE 2   

  56   3                      
  57   3                      }
  58   2      
  59   2              }
  60   1      }


MODULE INFORMATION:   STATIC OVERLAYABLE
   CODE SIZE        =    187    ----
   CONSTANT SIZE    =     20    ----
   XDATA SIZE       =   ----    ----
   PDATA SIZE       =   ----    ----
   DATA SIZE        =      4    ----
   IDATA SIZE       =   ----    ----
   BIT SIZE         =   ----    ----
END OF MODULE INFORMATION.


C51 COMPILATION COMPLETE.  0 WARNING(S),  0 ERROR(S)
