C51 COMPILER V9.01   MAIN                                                                  05/25/2021 19:12:02 PAGE 1   


C51 COMPILER V9.01, COMPILATION OF MODULE MAIN
OBJECT MODULE PLACED IN main.OBJ
COMPILER INVOKED BY: D:\Keil\C51\BIN\C51.EXE main.c BROWSE DEBUG OBJECTEXTEND

line level    source

   1          #include <REGX52.H>
   2          #include <STDIO.H>
   3          #include "delay.H"
   4          #include "timer0.H"  
   5          
   6          unsigned char i=0x00;
   7          
   8          
   9          
  10          void main()
  11          {       
  12   1              PCON |= 0x80;           //使能波特率倍速位SMOD
  13   1              SCON = 0x50;            //8位数据,可变波特率
  14   1              TMOD &= 0x0F;           //设置定时器模式
  15   1              TMOD |= 0x20;           //设置定时器模式
  16   1              TL1 = 0xF3;             //设置定时初始值
  17   1              TH1 = 0xF3;             //设置定时重载值
  18   1              ET1 = 0;                //禁止定时器%d中断
  19   1              TR1 = 1;                //定时器1开始计时
  20   1      
  21   1      
  22   1              while(1)
  23   1              {
  24   2                      TI=1;
  25   2                      printf("张鹏制作\n");             //在使用printf和puts时都应该TI=1
  26   2                      if(TI==1)
  27   2                      {
  28   3                              TI=0;           
  29   3                      }
  30   2                      delay(1000);
  31   2              }
  32   1      
  33   1      
  34   1      
  35   1      //      while(1)
  36   1      //      {
  37   1      //              SBUF='a';       //可以输入字符
  38   1      //              SBUF=i;
  39   1      //              if(TI==1)
  40   1      //              {
  41   1      //                      TI=0;           
  42   1      //              }
  43   1      ////            i++;            
  44   1      //              delay(1000);
  45   1      //      }
  46   1      }
  47          
  48          
  49          


MODULE INFORMATION:   STATIC OVERLAYABLE
   CODE SIZE        =     47    ----
   CONSTANT SIZE    =     10    ----
   XDATA SIZE       =   ----    ----
C51 COMPILER V9.01   MAIN                                                                  05/25/2021 19:12:02 PAGE 2   

   PDATA SIZE       =   ----    ----
   DATA SIZE        =      1    ----
   IDATA SIZE       =   ----    ----
   BIT SIZE         =   ----    ----
END OF MODULE INFORMATION.


C51 COMPILATION COMPLETE.  0 WARNING(S),  0 ERROR(S)
