C51 COMPILER V9.01   MAIN                                                                  04/30/2021 19:38:46 PAGE 1   


C51 COMPILER V9.01, COMPILATION OF MODULE MAIN
OBJECT MODULE PLACED IN main.OBJ
COMPILER INVOKED BY: D:\Keil\C51\BIN\C51.EXE main.c BROWSE DEBUG OBJECTEXTEND

line level    source

   1          #include <REGX52.H>
   2          #include "DELAY.H"
   3          #include "UART.H" 
   4          
   5          
   6          void main()
   7          {
   8   1              UART_Init();
   9   1              while(1)
  10   1              {
  11   2      
  12   2              }
  13   1      }
  14          
  15          void UART_Routine() interrupt 4
  16          {
  17   1               if(RI==1)    //RI为接收中断标志位
  18   1               {      
  19   2                      P2=SBUF;                                //电脑向单片机发送的变量
  20   2                      UART_SendByte(SBUF);    //单片机向电脑发送字节
  21   2                      RI=0;
  22   2               }
  23   1      }
  24          
  25          
  26          
  27          
  28          
  29          


MODULE INFORMATION:   STATIC OVERLAYABLE
   CODE SIZE        =     74    ----
   CONSTANT SIZE    =   ----    ----
   XDATA SIZE       =   ----    ----
   PDATA SIZE       =   ----    ----
   DATA SIZE        =   ----    ----
   IDATA SIZE       =   ----    ----
   BIT SIZE         =   ----    ----
END OF MODULE INFORMATION.


C51 COMPILATION COMPLETE.  0 WARNING(S),  0 ERROR(S)
