C51 COMPILER V9.01   UART                                                                  05/07/2021 22:46:09 PAGE 1   


C51 COMPILER V9.01, COMPILATION OF MODULE UART
OBJECT MODULE PLACED IN UART.OBJ
COMPILER INVOKED BY: D:\Keil\C51\BIN\C51.EXE UART.c BROWSE DEBUG OBJECTEXTEND

line level    source

   1          #include <REGX52.H>
   2          
   3          //发送不需要中断，接收时要接收来自单片机的信息就需要一个中断，因为不知道什么时候发过来，所以用中断来处理
   4          //串口初始化
   5          void UART_Init()    //异步收发传输器初始化
   6          {
   7   1              SCON=0x50;              //串行口控制寄存器
   8   1              PCON |= 0x80;   //电源控制寄存器
   9   1              TMOD &= 0x0F;   //设置定时器模式
  10   1              TMOD |= 0x20;   //设置定时器模式
  11   1              TL1 = 0xF3;             //设置定时初始值
  12   1              TH1 = 0xF3;             //设置定时重载值
  13   1              ET1 = 0;        //禁止定时器1中断        
  14   1              TR1 = 1;                //定时器1启动
  15   1              EA = 1;
  16   1              ES = 1;
  17   1      }
  18          
  19          
  20          //串口发送一个字节数据到接收缓冲区
  21          void UART_SendByte(unsigned char Byte)
  22          {
  23   1              SBUF=Byte;
  24   1              while(TI==0);            //检测是否发送完毕
  25   1              TI=0;
  26   1      }
  27          
  28          
  29          /*
  30          //串口中断函数的模板
  31          void UART_Routine() interrupt 4
  32          {
  33                   if(RI==1)    //RI为接收中断标志位
  34                   {      
  35                                                  
  36                          
  37                          RI=0;
  38                   }
  39          }
  40          */


MODULE INFORMATION:   STATIC OVERLAYABLE
   CODE SIZE        =     35    ----
   CONSTANT SIZE    =   ----    ----
   XDATA SIZE       =   ----    ----
   PDATA SIZE       =   ----    ----
   DATA SIZE        =   ----    ----
   IDATA SIZE       =   ----    ----
   BIT SIZE         =   ----    ----
END OF MODULE INFORMATION.


C51 COMPILATION COMPLETE.  0 WARNING(S),  0 ERROR(S)
