C51 COMPILER V9.01   TIMER0                                                                05/23/2021 13:39:18 PAGE 1   


C51 COMPILER V9.01, COMPILATION OF MODULE TIMER0
OBJECT MODULE PLACED IN Timer0.OBJ
COMPILER INVOKED BY: D:\Keil\C51\BIN\C51.EXE Timer0.c BROWSE DEBUG OBJECTEXTEND

line level    source

   1          #include <REGX52.H>
   2          //中断一般用来处理不确定的因素，如按键、发来的不定时信号等。
   3          //定时器0初始化，1毫秒
   4          void Timer0Init(void)           //1毫秒@12.000MHz
   5          {
   6   1      
   7   1              TMOD &= 0xF0;   //设置定时器模式
   8   1              TMOD |= 0x01;   //设置定时器模式
   9   1              TL0 = 0;                //设置定时初始值0
  10   1              TH0 = 0;                //设置定时初始值0
  11   1              TF0 = 0;                //清除TF0标志
  12   1              TR0 = 0;                //定时器0不开始计时
  13   1      }
  14          
  15          void Timer0_SetCounter(unsigned int Value)       //给定时器初值
  16          {
  17   1              TH0=Value/256;
  18   1              TL0=Value%256;
  19   1      }
  20          
  21          unsigned int Timer0_GetCounter(void)      //计时时间
  22          {
  23   1              return (TH0<<8)|TL0;
  24   1      }
  25          
  26          
  27          void Timer0_Run(unsigned int Flag)               //是否允许开始计时
  28          {
  29   1              TR0 = Flag;     
  30   1      }
  31          
  32          
  33          
  34          
  35          
  36          
  37          //1秒=1000毫秒ms=1000 000微妙μs
  38          
  39          /*定时器中断函数模板（灯的一秒闪烁）
  40          void Timer0_Routine() interrupt 1       //调用T0，溢出后接下来做什么(中断子程序)
  41          {
  42                  static unsigned int T0count;    //无符号int为0~65535
  43                  TL0 = 0x18;                     //重新给初值。让它再从64535开始 
  44                  TH0 = 0xFC;
  45                  T0count++;
  46                  if(T0count>=1000)
  47                  {
  48                          T0count=0;
  49                          P2_0=~P2_0;     
  50                  }
  51          
  52          }
  53          */
  54          

C51 COMPILER V9.01   TIMER0                                                                05/23/2021 13:39:18 PAGE 2   


MODULE INFORMATION:   STATIC OVERLAYABLE
   CODE SIZE        =     43    ----
   CONSTANT SIZE    =   ----    ----
   XDATA SIZE       =   ----    ----
   PDATA SIZE       =   ----    ----
   DATA SIZE        =   ----    ----
   IDATA SIZE       =   ----    ----
   BIT SIZE         =   ----    ----
END OF MODULE INFORMATION.


C51 COMPILATION COMPLETE.  0 WARNING(S),  0 ERROR(S)
