C51 COMPILER V9.01   DS18B20_ONE_WIRE                                                      05/26/2021 10:27:15 PAGE 1   


C51 COMPILER V9.01, COMPILATION OF MODULE DS18B20_ONE_WIRE
OBJECT MODULE PLACED IN DS18B20 One Wire.OBJ
COMPILER INVOKED BY: D:\Keil\C51\BIN\C51.EXE DS18B20 One Wire.c BROWSE DEBUG OBJECTEXTEND

line level    source

   1          #include <REGX52.H>
   2          
   3          
   4          sbit OneWire_PQ=P3^7;
   5          
   6          //初始化
   7          unsigned char OneWire_Init(void)        
   8          {       
   9   1              unsigned char i,AckBit;                 //AckBit为应答位
  10   1              OneWire_PQ=1;
  11   1              OneWire_PQ=0;
  12   1              i = 247;while (--i);            //延时500us
  13   1              OneWire_PQ=1;
  14   1              i = 32;while (--i);                     //延时70us(15-60us)
  15   1              AckBit= OneWire_PQ;                //应答的数据给应答位
  16   1              i = 247;while (--i);            //延时500us
  17   1              return  AckBit;                    //从机如果给响应了就是0，没有给就是1
  18   1      }
  19          
  20          
  21          //发送一位
  22          void OneWire_SendBit(unsigned char Bit)
  23          {   
  24   1              unsigned char i;
  25   1              OneWire_PQ=0;
  26   1              i = 4;while (--i);        //延时13us左右
  27   1              OneWire_PQ=Bit;
  28   1              i = 24;while (--i);       //延时50us左右
  29   1              OneWire_PQ=1;
  30   1      }
  31          
  32          //接收一位
  33          unsigned char OneWire_ReceiveBit(void)
  34          {
  35   1              unsigned char Bite,i;
  36   1              OneWire_PQ=0;
  37   1              i = 2;while (--i);         //5us的延时
  38   1              OneWire_PQ=1;
  39   1              i = 2;while (--i);         //5us的延时
  40   1              Bite=OneWire_PQ;
  41   1              i = 24;while (--i);       //延时50us左右
  42   1              return Bite;
  43   1      }
  44          
  45          
  46          
  47          //发送一个字节
  48          void OneWire_SendByte(unsigned char Byte)
  49          {
  50   1              unsigned char i;
  51   1              for(i=0;i<8;i++)
  52   1              {
  53   2                      OneWire_SendBit(Byte&0x01<<i);
  54   2              }       
  55   1      }
C51 COMPILER V9.01   DS18B20_ONE_WIRE                                                      05/26/2021 10:27:15 PAGE 2   

  56          
  57          
  58          
  59          //接收一个字节
  60          unsigned char OneWire_ReceiveByte(void)
  61          {
  62   1              unsigned char i,Byte=0x00;
  63   1              for(i=0;i<8;i++)
  64   1              {
  65   2                      if(OneWire_ReceiveBit()){Byte=Byte|(0x01<<i);}
  66   2              }
  67   1              return Byte;    
  68   1      }
  69          
  70          
  71          
  72          
  73          
  74          
  75          
  76          
  77          
  78          
  79          
  80          


MODULE INFORMATION:   STATIC OVERLAYABLE
   CODE SIZE        =    122    ----
   CONSTANT SIZE    =   ----    ----
   XDATA SIZE       =   ----    ----
   PDATA SIZE       =   ----    ----
   DATA SIZE        =   ----    ----
   IDATA SIZE       =   ----    ----
   BIT SIZE         =   ----    ----
END OF MODULE INFORMATION.


C51 COMPILATION COMPLETE.  0 WARNING(S),  0 ERROR(S)
