C51 COMPILER V9.01   MAIN                                                                  05/26/2021 10:27:14 PAGE 1   


C51 COMPILER V9.01, COMPILATION OF MODULE MAIN
OBJECT MODULE PLACED IN main.OBJ
COMPILER INVOKED BY: D:\Keil\C51\BIN\C51.EXE main.c BROWSE DEBUG OBJECTEXTEND

line level    source

   1          #include <REGX52.H>
   2          #include "delay.H" 
   3          #include "DS18B20 One Wire.H"
   4          #include "LCD1602.H"
   5          #include "DS18B20.H" 
   6          
   7          float T;
   8          
   9          
  10          void main()
  11          {
  12   1              DS18B20_ConvertT();               // 这两行的作用是防止上电时出现的短暂读取时间
  13   1              delay(1000);                      //
  14   1              LCD_Init();
  15   1              LCD_ShowString(1,1,"Temperature");
  16   1              while(1)
  17   1              {
  18   2                      DS18B20_ConvertT();
  19   2                      T=DS18B20_ReadT();
  20   2                      if(T<0)
  21   2                      {
  22   3                              LCD_ShowChar(2,1,'-');
  23   3                              T=-T;
  24   3                      }
  25   2                      else
  26   2                      {
  27   3                              LCD_ShowChar(2,1,'+');
  28   3                      }
  29   2                      LCD_ShowNum(2,2,T,3);
  30   2                      LCD_ShowChar(2,5,'.');
  31   2                      LCD_ShowNum(2,6,(unsigned long)(T*10000)%10000,4);
  32   2              }
  33   1      }


MODULE INFORMATION:   STATIC OVERLAYABLE
   CODE SIZE        =    176    ----
   CONSTANT SIZE    =     12    ----
   XDATA SIZE       =   ----    ----
   PDATA SIZE       =   ----    ----
   DATA SIZE        =      4    ----
   IDATA SIZE       =   ----    ----
   BIT SIZE         =   ----    ----
END OF MODULE INFORMATION.


C51 COMPILATION COMPLETE.  0 WARNING(S),  0 ERROR(S)
