C51 COMPILER V9.01   MAIN                                                                  05/20/2021 20:57:01 PAGE 1   


C51 COMPILER V9.01, COMPILATION OF MODULE MAIN
OBJECT MODULE PLACED IN main.OBJ
COMPILER INVOKED BY: D:\Keil\C51\BIN\C51.EXE main.c BROWSE DEBUG OBJECTEXTEND

line level    source

   1          #include <REGX52.H>
   2          #include "delay.H" 
   3          unsigned char shumaguan[]={0x3F,0x06,0x5B,0x4F,0x66,0x6D,0x7D,0x07,0x7F,0x6F,0x77,0x7F,0x39,0x3F,0x79,0x71
             -};
   4          void display(unsigned char i);
   5          unsigned char Key(void);
   6          unsigned char matrixkey();
   7          void Key_Loop(void); 
   8          void Init_time0(void);
   9          
  10          unsigned char KeyNum,Key_KeyNumber;
  11          
  12          
  13          void main()
  14          {       
  15   1              Init_time0();
  16   1              while(1)
  17   1              {       
  18   2                      KeyNum=Key();
  19   2                      if(KeyNum)
  20   2                      {
  21   3                              display(KeyNum);
  22   3      //                      Nixie_SetBuf(2,KeyNum);
  23   3      //                      Nixie_SetBuf(3,KeyNum);
  24   3                      }
  25   2      
  26   2              }
  27   1      }
  28          
  29                                                          
  30          
  31          
  32          unsigned char matrixkey_GetState()                 //矩阵键盘的选择
  33          {
  34   1              unsigned char keynumber=0;        
  35   1              P1_7=0;            //第一列给高电平
  36   1              if(P1_3==0){keynumber=1;}        //判断第一列的第几个
  37   1              if(P1_2==0){keynumber=2;}
  38   1              if(P1_1==0){keynumber=3;}         //把while判断去掉，新加一个函数Key_Loop，用定时器每20ms调用一次
  39   1              if(P1_0==0){keynumber=4;}
  40   1              return keynumber;       
  41   1      }
  42          
  43          
  44          void Key_Loop(void)
  45          {
  46   1              static unsigned char NowState,LastState;
  47   1              LastState=NowState;
  48   1              NowState=matrixkey_GetState();
  49   1              if(LastState==1&&NowState==0){Key_KeyNumber=1;}
  50   1              if(LastState==2&&NowState==0){Key_KeyNumber=2;}  
  51   1              if(LastState==3&&NowState==0){Key_KeyNumber=3;}  
  52   1              if(LastState==4&&NowState==0){Key_KeyNumber=4;}    
  53   1      }
  54          
C51 COMPILER V9.01   MAIN                                                                  05/20/2021 20:57:01 PAGE 2   

  55          unsigned char Key(void)
  56          {
  57   1              unsigned char Temp;
  58   1              Temp=Key_KeyNumber;
  59   1      //      Key_KeyNumber=0;
  60   1              return Temp;
  61   1      }
  62          
  63          
  64          
  65          void display(unsigned char i)            //数码管的显示
  66          {
  67   1              P2_4=1;
  68   1              P2_3=1;
  69   1              P2_2=1;
  70   1              P0=shumaguan[i];
  71   1              delay(2);
  72   1              P2_4=1;                                                                    
  73   1              P2_3=1;
  74   1              P2_2=0;
  75   1              P0=shumaguan[i];
  76   1              delay(2);                                                                                                                       
  77   1              P2_4=1;
  78   1              P2_3=0;
  79   1              P2_2=1;
  80   1              P0=shumaguan[i];
  81   1              delay(2);
  82   1              P2_4=1;
  83   1              P2_3=0;                                                    
  84   1              P2_2=0;
  85   1              P0=shumaguan[i];                                                                
  86   1              delay(2);       
  87   1      }
  88          
  89          
  90          
  91          
  92          void Init_time0(void)
  93          {
  94   1              TMOD |= 0x01;         
  95   1              TL0 = 0x18;             //设置定时初始值
  96   1              TH0 = 0xFC;             //设置定时初始值
  97   1              EA=1;             //总中断打开
  98   1              ET0=1;            //定时器T0允许中断
  99   1              TR0=1;            //定时器T0开始工作
 100   1      }
 101          
 102          
 103          
 104          
 105          void Interrupt_handler_time0(void) interrupt 1
 106          {
 107   1              static unsigned int T0count1;    //无符号int为0~65535
 108   1              TL0 = 0x18;             //设置定时初始值
 109   1              TH0 = 0xFC;             //设置定时初始值
 110   1              T0count1++;
 111   1              if(T0count1>=20)
 112   1              {
 113   2                      T0count1=0;
 114   2                      Key_Loop();     
 115   2              }
 116   1      
C51 COMPILER V9.01   MAIN                                                                  05/20/2021 20:57:01 PAGE 3   

 117   1      }
 118          
 119          
 120          
 121          
 122          
 123          
 124          
 125          
 126          
 127          
 128          
 129          
 130          


MODULE INFORMATION:   STATIC OVERLAYABLE
   CODE SIZE        =    250    ----
   CONSTANT SIZE    =   ----    ----
   XDATA SIZE       =   ----    ----
   PDATA SIZE       =   ----    ----
   DATA SIZE        =     22       1
   IDATA SIZE       =   ----    ----
   BIT SIZE         =   ----    ----
END OF MODULE INFORMATION.


C51 COMPILATION COMPLETE.  0 WARNING(S),  0 ERROR(S)
