C51 COMPILER V9.01   MAIN                                                                  04/28/2021 23:19:31 PAGE 1   


C51 COMPILER V9.01, COMPILATION OF MODULE MAIN
OBJECT MODULE PLACED IN main.OBJ
COMPILER INVOKED BY: D:\Keil\C51\BIN\C51.EXE main.c BROWSE DEBUG OBJECTEXTEND

line level    source

   1          #include <REGX52.H>
   2          #include "LCD1602.H"
   3          #include "delay.H"
   4          void main()
   5          {
   6   1              int NUM=0;
   7   1      //      LCD_Init();   //上电之前初始化一下
   8   1      //      LCD_ShowChar(1,1,'A');
   9   1      //      LCD_ShowString(1,3,"HT LOVE YOU");    //几行第几个开始显示字符串
  10   1      //      LCD_ShowNum(2,2,123,3);
  11   1      //      LCD_ShowHexNum(2,6,0xA8,2);             //显示十六进制数
  12   1      //      LCD_ShowBinNum(2,9,0xA8,8);             //显示二进制数
  13   1              LCD_Init();
  14   1              while(1)
  15   1              {                               
  16   2                 
  17   2                 NUM++;
  18   2                 delay(10);
  19   2                 LCD_ShowNum(2,5,NUM,4);
  20   2              
  21   2                              
  22   2              }
  23   1      }


MODULE INFORMATION:   STATIC OVERLAYABLE
   CODE SIZE        =     39    ----
   CONSTANT SIZE    =   ----    ----
   XDATA SIZE       =   ----    ----
   PDATA SIZE       =   ----    ----
   DATA SIZE        =   ----       2
   IDATA SIZE       =   ----    ----
   BIT SIZE         =   ----    ----
END OF MODULE INFORMATION.


C51 COMPILATION COMPLETE.  0 WARNING(S),  0 ERROR(S)
