C51 COMPILER V9.01   PROJECT                                                               04/25/2021 18:49:03 PAGE 1   


C51 COMPILER V9.01, COMPILATION OF MODULE PROJECT
OBJECT MODULE PLACED IN project.OBJ
COMPILER INVOKED BY: D:\Keil\C51\BIN\C51.EXE project.c BROWSE DEBUG OBJECTEXTEND

line level    source

   1          #include <REGX52.H>
   2          
   3          void main()
   4          {               
   5   1              while(1)
   6   1              {
   7   2                       if(P3_1==0)             //&&与    ||并
   8   2                       {
   9   3                               P2_0=0;        //P2_0 =0是只对一个LED给高电平，P2=0xfe是对全部的8个辨别 1111 1110
  10   3                       }
  11   2                       else
  12   2                       {
  13   3                               P2_0=1;           //P2_0灭
  14   3                       }
  15   2              }
  16   1      }


MODULE INFORMATION:   STATIC OVERLAYABLE
   CODE SIZE        =     11    ----
   CONSTANT SIZE    =   ----    ----
   XDATA SIZE       =   ----    ----
   PDATA SIZE       =   ----    ----
   DATA SIZE        =   ----    ----
   IDATA SIZE       =   ----    ----
   BIT SIZE         =   ----    ----
END OF MODULE INFORMATION.


C51 COMPILATION COMPLETE.  0 WARNING(S),  0 ERROR(S)
