C51 COMPILER V9.01   MAIN                                                                  04/25/2021 20:40:56 PAGE 1   


C51 COMPILER V9.01, COMPILATION OF MODULE MAIN
OBJECT MODULE PLACED IN main.OBJ
COMPILER INVOKED BY: D:\Keil\C51\BIN\C51.EXE main.c BROWSE DEBUG OBJECTEXTEND

line level    source

   1          #include <REGX52.H>
   2          void Delayms(int ms)            //@12.000MHz
   3          {
   4   1              while(ms)
   5   1              {
   6   2                      unsigned char i, j;     
   7   2                      i = 2;
   8   2                      j = 239;
   9   2                      do
  10   2                      {
  11   3                              while (--j);
  12   3                      } while (--i);
  13   2                      ms--;
  14   2              }
  15   1      }
  16          
  17          
  18          void main()
  19          {
  20   1              while(1)
  21   1              {
  22   2                      if(P3_1==0)
  23   2                      {
  24   3                              Delayms(20);
  25   3                              while(P3_1==0);
  26   3                              Delayms(20);
  27   3                              //此时的P2为1111 1111全灭
  28   3                              P2--;   //每次减一
  29   3                      }       
  30   2              }
  31   1      }


MODULE INFORMATION:   STATIC OVERLAYABLE
   CODE SIZE        =     48    ----
   CONSTANT SIZE    =   ----    ----
   XDATA SIZE       =   ----    ----
   PDATA SIZE       =   ----    ----
   DATA SIZE        =   ----       2
   IDATA SIZE       =   ----    ----
   BIT SIZE         =   ----    ----
END OF MODULE INFORMATION.


C51 COMPILATION COMPLETE.  0 WARNING(S),  0 ERROR(S)
