C51 COMPILER V9.01   MAIN                                                                  05/09/2021 15:39:29 PAGE 1   


C51 COMPILER V9.01, COMPILATION OF MODULE MAIN
OBJECT MODULE PLACED IN main.OBJ
COMPILER INVOKED BY: D:\Keil\C51\BIN\C51.EXE main.c BROWSE DEBUG OBJECTEXTEND

line level    source

   1          #include <REGX52.H>
   2          #include "LCD1602.H"
   3          #include "delay.H"  
   4          
   5           void main()
   6           {
   7   1              LCD_Init();
   8   1      
   9   1              while(1)
  10   1              {
  11   2                      LCD_ShowChar(1,1,0x25);  //显示百分号
  12   2      //              LCD_ShowString(1,1,"123456");
  13   2      //              LCD_ShowNum(1,1,123,4);
  14   2      //              LCD_ShowSignedNum(1,1,-1000,6);
  15   2      //              LCD_ShowHexNum(1,1,0x85,2);
  16   2      //              LCD_ShowBinNum(1,1,0xa5,8);
  17   2      //              LCD_ShowChar(1,1,0xdf);  //显示温度符号
  18   2      //              LCD_ShowChar(1,2,'C');  //显示温度符号
  19   2      
  20   2      
  21   2      //              LCD_ShowString(1,5,"HT  Love  ZP");
  22   2      //              LCD_WriteCommand(0x18);           //写入左移一位指令，因为在while里，所以一直执行左移
  23   2      //              delay(80);
  24   2      
  25   2              }
  26   1      }


MODULE INFORMATION:   STATIC OVERLAYABLE
   CODE SIZE        =     14    ----
   CONSTANT SIZE    =   ----    ----
   XDATA SIZE       =   ----    ----
   PDATA SIZE       =   ----    ----
   DATA SIZE        =   ----    ----
   IDATA SIZE       =   ----    ----
   BIT SIZE         =   ----    ----
END OF MODULE INFORMATION.


C51 COMPILATION COMPLETE.  0 WARNING(S),  0 ERROR(S)
