C51 COMPILER V9.01   LCD1602                                                               04/29/2021 09:33:36 PAGE 1   


C51 COMPILER V9.01, COMPILATION OF MODULE LCD1602
OBJECT MODULE PLACED IN LCD1602.OBJ
COMPILER INVOKED BY: D:\Keil\C51\BIN\C51.EXE LCD1602.c BROWSE DEBUG OBJECTEXTEND

line level    source

   1          #include <REGX52.H>
   2          
   3          //“˝Ω≈≈‰÷√£∫
   4          sbit LCD_RS=P2^6;
   5          sbit LCD_RW=P2^5;
   6          sbit LCD_EN=P2^7;
   7          #define LCD_DataPort P0
   8          
   9          //∫Ø ˝∂®“Â£∫
  10          /**
  11            * @brief  LCD1602—” ±∫Ø ˝£¨12MHzµ˜”√ø…—” ±1ms
  12            * @param  Œﬁ
  13            * @retval Œﬁ
  14            */
  15          void LCD_Delay()
  16          {
  17   1              unsigned char i, j;
  18   1      
  19   1              i = 2;
  20   1              j = 239;
  21   1              do
  22   1              {
  23   2                      while (--j);
  24   2              } while (--i);
  25   1      }
  26          
  27          /**
  28            * @brief  LCD1602–¥√¸¡Ó
  29            * @param  Command “™–¥»Îµƒ√¸¡Ó
  30            * @retval Œﬁ
  31            */
  32          void LCD_WriteCommand(unsigned char Command)
  33          {
  34   1              LCD_RS=0;
  35   1              LCD_RW=0;
  36   1              LCD_DataPort=Command;
  37   1              LCD_EN=1;
  38   1              LCD_Delay();
  39   1              LCD_EN=0;
  40   1              LCD_Delay();
  41   1      }
  42          
  43          /**
  44            * @brief  LCD1602–¥ ˝æ›
  45            * @param  Data “™–¥»Îµƒ ˝æ›
  46            * @retval Œﬁ
  47            */
  48          void LCD_WriteData(unsigned char Data)
  49          {
  50   1              LCD_RS=1;
  51   1              LCD_RW=0;
  52   1              LCD_DataPort=Data;
  53   1              LCD_EN=1;
  54   1              LCD_Delay();
  55   1              LCD_EN=0;
C51 COMPILER V9.01   LCD1602                                                               04/29/2021 09:33:36 PAGE 2   

  56   1              LCD_Delay();
  57   1      }
  58          
  59          /**
  60            * @brief  LCD1602…Ë÷√π‚±ÍŒª÷√
  61            * @param  Line ––Œª÷√£¨∑∂Œß£∫1~2
  62            * @param  Column ¡–Œª÷√£¨∑∂Œß£∫1~16
  63            * @retval Œﬁ
  64            */
  65          void LCD_SetCursor(unsigned char Line,unsigned char Column)
  66          {
  67   1              if(Line==1)
  68   1              {
  69   2                      LCD_WriteCommand(0x80|(Column-1));
  70   2              }
  71   1              else if(Line==2)
  72   1              {
  73   2                      LCD_WriteCommand(0x80|(Column-1+0x40));
  74   2              }
  75   1      }
  76          /**
  77            * @brief  LCD1602≥ı ºªØ∫Ø ˝
  78            * @param  Œﬁ
  79            * @retval Œﬁ
  80            */
  81          void LCD_Init()
  82          {
  83   1              LCD_WriteCommand(0x38);//ÂÖ´‰ΩçÊï∞ÊçÆÊé•Âè£Ôºå‰∏§Ë°åÊòæÁ§∫Ôºå5*7ÁÇπÈòµ
  84   1              LCD_WriteCommand(0x0c);//ÊòæÁ§∫ÂºÄÔºåÂÖâÊ†áÂÖ≥ÔºåÈó™ÁÉÅÂÖ≥
  85   1              LCD_WriteCommand(0x06);//Êï∞ÊçÆËØªÂÜôÊìç‰ΩúÂêéÔºåÂÖâÊ†áËá™Âä®Âä†‰∏ÄÔºåÁîªÈù¢‰∏çÂä®
  86   1              LCD_WriteCommand(0x01);//ÂÖâÊ†áÂ§ç‰ΩçÔºåÊ∏ÖÂ±è
  87   1      }
  88          
  89          /**
  90            * @brief  ‘⁄LCD1602÷∏∂®Œª÷√…œœ‘ æ“ª∏ˆ◊÷∑˚
  91            * @param  Line ––Œª÷√£¨∑∂Œß£∫1~2
  92            * @param  Column ¡–Œª÷√£¨∑∂Œß£∫1~16
  93            * @param  Char “™œ‘ æµƒ◊÷∑˚
  94            * @retval Œﬁ
  95            */
  96          void LCD_ShowChar(unsigned char Line,unsigned char Column,char Char)
  97          {
  98   1              LCD_SetCursor(Line,Column);
  99   1              LCD_WriteData(Char);
 100   1      }
 101          
 102          /**
 103            * @brief  ‘⁄LCD1602÷∏∂®Œª÷√ø™ ºœ‘ æÀ˘∏¯◊÷∑˚¥Æ
 104            * @param  Line ∆ º––Œª÷√£¨∑∂Œß£∫1~2
 105            * @param  Column ∆ º¡–Œª÷√£¨∑∂Œß£∫1~16
 106            * @param  String “™œ‘ æµƒ◊÷∑˚¥Æ
 107            * @retval Œﬁ
 108            */
 109          void LCD_ShowString(unsigned char Line,unsigned char Column,char *String)
 110          {
 111   1              unsigned char i;
 112   1              LCD_SetCursor(Line,Column);
 113   1              for(i=0;String[i]!='\0';i++)
 114   1              {
 115   2                      LCD_WriteData(String[i]);
 116   2              }
 117   1      }
C51 COMPILER V9.01   LCD1602                                                               04/29/2021 09:33:36 PAGE 3   

 118          
 119          /**
 120            * @brief  ∑µªÿ÷µ=XµƒY¥Œ∑Ω
 121            */
 122          int LCD_Pow(int X,int Y)
 123          {
 124   1              unsigned char i;
 125   1              int Result=1;
 126   1              for(i=0;i<Y;i++)
 127   1              {
 128   2                      Result*=X;
 129   2              }
 130   1              return Result;
 131   1      }
 132          
 133          /**
 134            * @brief  ‘⁄LCD1602÷∏∂®Œª÷√ø™ ºœ‘ æÀ˘∏¯ ˝◊÷
 135            * @param  Line ∆ º––Œª÷√£¨∑∂Œß£∫1~2
 136            * @param  Column ∆ º¡–Œª÷√£¨∑∂Œß£∫1~16
 137            * @param  Number “™œ‘ æµƒ ˝◊÷£¨∑∂Œß£∫0~65535
 138            * @param  Length “™œ‘ æ ˝◊÷µƒ≥§∂»£¨∑∂Œß£∫1~5
 139            * @retval Œﬁ
 140            */
 141          void LCD_ShowNum(unsigned char Line,unsigned char Column,unsigned int Number,unsigned char Length)
 142          {
 143   1              unsigned char i;
 144   1              LCD_SetCursor(Line,Column);
 145   1              for(i=Length;i>0;i--)
 146   1              {
 147   2                      LCD_WriteData(Number/LCD_Pow(10,i-1)%10+'0');
 148   2              }
 149   1      }
 150          
 151          /**
 152            * @brief  ‘⁄LCD1602÷∏∂®Œª÷√ø™ º“‘”–∑˚∫≈ ÆΩ¯÷∆œ‘ æÀ˘∏¯ ˝◊÷
 153            * @param  Line ∆ º––Œª÷√£¨∑∂Œß£∫1~2
 154            * @param  Column ∆ º¡–Œª÷√£¨∑∂Œß£∫1~16
 155            * @param  Number “™œ‘ æµƒ ˝◊÷£¨∑∂Œß£∫-32768~32767
 156            * @param  Length “™œ‘ æ ˝◊÷µƒ≥§∂»£¨∑∂Œß£∫1~5
 157            * @retval Œﬁ
 158            */
 159          void LCD_ShowSignedNum(unsigned char Line,unsigned char Column,int Number,unsigned char Length)
 160          {
 161   1              unsigned char i;
 162   1              unsigned int Number1;
 163   1              LCD_SetCursor(Line,Column);
 164   1              if(Number>=0)
 165   1              {
 166   2                      LCD_WriteData('+');
 167   2                      Number1=Number;
 168   2              }
 169   1              else
 170   1              {
 171   2                      LCD_WriteData('-');
 172   2                      Number1=-Number;
 173   2              }
 174   1              for(i=Length;i>0;i--)
 175   1              {
 176   2                      LCD_WriteData(Number1/LCD_Pow(10,i-1)%10+'0');
 177   2              }
 178   1      }
 179          
C51 COMPILER V9.01   LCD1602                                                               04/29/2021 09:33:36 PAGE 4   

 180          /**
 181            * @brief  ‘⁄LCD1602÷∏∂®Œª÷√ø™ º“‘ Æ¡˘Ω¯÷∆œ‘ æÀ˘∏¯ ˝◊÷
 182            * @param  Line ∆ º––Œª÷√£¨∑∂Œß£∫1~2
 183            * @param  Column ∆ º¡–Œª÷√£¨∑∂Œß£∫1~16
 184            * @param  Number “™œ‘ æµƒ ˝◊÷£¨∑∂Œß£∫0~0xFFFF
 185            * @param  Length “™œ‘ æ ˝◊÷µƒ≥§∂»£¨∑∂Œß£∫1~4
 186            * @retval Œﬁ
 187            */
 188          void LCD_ShowHexNum(unsigned char Line,unsigned char Column,unsigned int Number,unsigned char Length)
 189          {
 190   1              unsigned char i,SingleNumber;
 191   1              LCD_SetCursor(Line,Column);
 192   1              for(i=Length;i>0;i--)
 193   1              {
 194   2                      SingleNumber=Number/LCD_Pow(16,i-1)%16;
 195   2                      if(SingleNumber<10)
 196   2                      {
 197   3                              LCD_WriteData(SingleNumber+'0');
 198   3                      }
 199   2                      else
 200   2                      {
 201   3                              LCD_WriteData(SingleNumber-10+'A');
 202   3                      }
 203   2              }
 204   1      }
 205          
 206          /**
 207            * @brief  ‘⁄LCD1602÷∏∂®Œª÷√ø™ º“‘∂˛Ω¯÷∆œ‘ æÀ˘∏¯ ˝◊÷
 208            * @param  Line ∆ º––Œª÷√£¨∑∂Œß£∫1~2
 209            * @param  Column ∆ º¡–Œª÷√£¨∑∂Œß£∫1~16
 210            * @param  Number “™œ‘ æµƒ ˝◊÷£¨∑∂Œß£∫0~1111 1111 1111 1111
 211            * @param  Length “™œ‘ æ ˝◊÷µƒ≥§∂»£¨∑∂Œß£∫1~16
 212            * @retval Œﬁ
 213            */
 214          void LCD_ShowBinNum(unsigned char Line,unsigned char Column,unsigned int Number,unsigned char Length)
 215          {
 216   1              unsigned char i;
 217   1              LCD_SetCursor(Line,Column);
 218   1              for(i=Length;i>0;i--)
 219   1              {
 220   2                      LCD_WriteData(Number/LCD_Pow(2,i-1)%2+'0');
 221   2              }
 222   1      }


MODULE INFORMATION:   STATIC OVERLAYABLE
   CODE SIZE        =    393    ----
   CONSTANT SIZE    =   ----    ----
   XDATA SIZE       =   ----    ----
   PDATA SIZE       =   ----    ----
   DATA SIZE        =   ----      29
   IDATA SIZE       =   ----    ----
   BIT SIZE         =   ----    ----
END OF MODULE INFORMATION.


C51 COMPILATION COMPLETE.  0 WARNING(S),  0 ERROR(S)
