C51 COMPILER V9.01   MAIN                                                                  04/29/2021 10:18:44 PAGE 1   


C51 COMPILER V9.01, COMPILATION OF MODULE MAIN
OBJECT MODULE PLACED IN main.OBJ
COMPILER INVOKED BY: D:\Keil\C51\BIN\C51.EXE main.c BROWSE DEBUG OBJECTEXTEND

line level    source

   1          #include <REGX52.H>
   2          #include "DELAY.H"
   3          #include "LCD1602.H"
   4          #include "matrixkey.H"
   5          
   6          
   7          char NUM;
   8          void main()
   9          {
  10   1      
  11   1              LCD_Init();
  12   1              LCD_ShowString(1,1,"Matrixkey:");
  13   1              
  14   1              while(1)
  15   1              {
  16   2                      NUM=matrixkey();
  17   2                      if(NUM)
  18   2                      {
  19   3                              LCD_ShowNum(2,2,NUM,2);
  20   3                      }
  21   2              }
  22   1      }


MODULE INFORMATION:   STATIC OVERLAYABLE
   CODE SIZE        =     42    ----
   CONSTANT SIZE    =     11    ----
   XDATA SIZE       =   ----    ----
   PDATA SIZE       =   ----    ----
   DATA SIZE        =      1    ----
   IDATA SIZE       =   ----    ----
   BIT SIZE         =   ----    ----
END OF MODULE INFORMATION.


C51 COMPILATION COMPLETE.  0 WARNING(S),  0 ERROR(S)
