C51 COMPILER V9.01   INT0                                                                  05/23/2021 15:17:19 PAGE 1   


C51 COMPILER V9.01, COMPILATION OF MODULE INT0
OBJECT MODULE PLACED IN Int0.OBJ
COMPILER INVOKED BY: D:\Keil\C51\BIN\C51.EXE Int0.c BROWSE DEBUG OBJECTEXTEND

line level    source

   1          #include <REGX52.H>
   2          
   3          void Int0_Init(void)
   4          {
   5   1              IT0=1;            //外部中断触发的形式  1为下降沿 0为低电平
   6   1              IE0=0;            //外部中断请求标志位    0时开始是0,1时开始是1
   7   1              EX0=1;            //外部中断允许位
   8   1              EA=1;             //总中断
   9   1              PX0=1;            //中断优先级
  10   1              
  11   1      }
  12          
  13          
  14          
  15          
  16          /* 
  17          void Int0_Routine(void) interrupt 0
  18          {
  19                  Num++;  
  20          }
  21          */


MODULE INFORMATION:   STATIC OVERLAYABLE
   CODE SIZE        =     11    ----
   CONSTANT SIZE    =   ----    ----
   XDATA SIZE       =   ----    ----
   PDATA SIZE       =   ----    ----
   DATA SIZE        =   ----    ----
   IDATA SIZE       =   ----    ----
   BIT SIZE         =   ----    ----
END OF MODULE INFORMATION.


C51 COMPILATION COMPLETE.  0 WARNING(S),  0 ERROR(S)
