C51 COMPILER V9.01   MOTOR                                                                 05/23/2021 15:17:19 PAGE 1   


C51 COMPILER V9.01, COMPILATION OF MODULE MOTOR
OBJECT MODULE PLACED IN Motor.OBJ
COMPILER INVOKED BY: D:\Keil\C51\BIN\C51.EXE Motor.c BROWSE DEBUG OBJECTEXTEND

line level    source

   1          #include <REGX52.H>
   2          #include "TIMER1.H"
   3          
   4          sbit Motor=P1^0;
   5          
   6          unsigned char Counter,Compare;
   7          
   8          void Motor_Init()
   9          {
  10   1              Timer1_Init();
  11   1      }
  12          
  13          
  14          void Motor_SetSpeed(unsigned char Speed)
  15          {
  16   1              Compare=Speed;
  17   1      }
  18          
  19          
  20          
  21          
  22          
  23          void Timer1_Routine() interrupt 3       //调用T0，溢出后接下来做什么(中断子程序)
  24          {
  25   1              TL1 = 0x9C;             //设置定时初始值
  26   1              TH1 = 0xFF;             //设置定时初始值
  27   1              Counter++;
  28   1              if(Counter>=100)
  29   1                      Counter=0;
  30   1              if(Counter<Compare)
  31   1              {
  32   2                      Motor=1;                          //给1转
  33   2              }
  34   1              else
  35   1              {
  36   2                      Motor=0;
  37   2              }
  38   1      
  39   1      }
  40          
  41          
  42          
  43          
  44          
  45          


MODULE INFORMATION:   STATIC OVERLAYABLE
   CODE SIZE        =     46    ----
   CONSTANT SIZE    =   ----    ----
   XDATA SIZE       =   ----    ----
   PDATA SIZE       =   ----    ----
   DATA SIZE        =      2    ----
   IDATA SIZE       =   ----    ----
   BIT SIZE         =   ----    ----
C51 COMPILER V9.01   MOTOR                                                                 05/23/2021 15:17:19 PAGE 2   

END OF MODULE INFORMATION.


C51 COMPILATION COMPLETE.  0 WARNING(S),  0 ERROR(S)
