C51 COMPILER V9.01   MAIN                                                                  06/03/2021 19:30:23 PAGE 1   


C51 COMPILER V9.01, COMPILATION OF MODULE MAIN
OBJECT MODULE PLACED IN main.OBJ
COMPILER INVOKED BY: D:\Keil\C51\BIN\C51.EXE main.c BROWSE DEBUG OBJECTEXTEND

line level    source

   1          #include<reg51.h>
   2          #define uchar unsigned char
   3          #define TR 1
   4          uchar buf[10]={ 0x01,0x02,0x03,0x04,0x05,
   5          0x063,0x07,0x08,0x09,0x0a };
   6          uchar sum;
   7          void send(void);
   8          void receive(void);
   9          void init(void)
  10          {
  11   1              TMOD=0x20;
  12   1              TH1=0xF4;
  13   1              TL1=0xF4;
  14   1              PCON=0x00;
  15   1              SCON=0x50;
  16   1              TR1=1;
  17   1      }
  18          void main(void)
  19          {
  20   1              init( );
  21   1              if(TR==0)
  22   1              {
  23   2                      send( );
  24   2              }
  25   1              else if(TR==1)
  26   1              {
  27   2                       receive(  );
  28   2              }
  29   1      }
  30          void delay(unsigned int i)
  31          {
  32   1              unsigned char j;
  33   1              for(;i>0;i--)
  34   1              for(j=0;j<125;j++)
  35   1              ;
  36   1      }
  37          void send(void)
  38          {
  39   1              uchar i;
  40   1              do
  41   1              {
  42   2                      delay(1000);
  43   2                      SBUF=0xaa;
  44   2                      while(TI==0);
  45   2                      while(RI==0);
  46   2              }while(SBUF!=0xbb);
  47   1              do
  48   1              {
  49   2                      sum=0;
  50   2                      for(i=0;i<10;i++)
  51   2                      {
  52   3                              delay(1000);
  53   3                              SBUF=buf[i];
  54   3                              sum+=buf[i];
  55   3                              while(TI==0);
C51 COMPILER V9.01   MAIN                                                                  06/03/2021 19:30:23 PAGE 2   

  56   3                              TI=0;
  57   3                      }
  58   2                      delay(1000);
  59   2                      SBUF=sum;
  60   2                      while(TI==0);
  61   2                      TI=0;
  62   2                      while(RI==0);
  63   2                      RI=0;
  64   2              }while(SBUF==0xFF);
  65   1              while(1);
  66   1      }
  67          void receive(void)
  68          {
  69   1              uchar i;
  70   1              RI=0;
  71   1              while(RI==0);
  72   1              RI=0;
  73   1              while(SBUF!=0xaa);
  74   1              SBUF=0xBB;
  75   1              while(TI==0);
  76   1              TI=0;
  77   1              sum=0;
  78   1              for(i=0;i<10;i++)
  79   1              {
  80   2                      while(RI==0);
  81   2                      RI=0;
  82   2                      buf[i]=SBUF;
  83   2                      sum+=buf[i];
  84   2              }
  85   1              while(RI==0);
  86   1              RI=0;
  87   1              if(SBUF==sum)
  88   1              {
  89   2                      SBUF=0x00;
  90   2                while(TI==0);
  91   2                TI=0;
  92   2      }
  93   1      else
  94   1      {
  95   2              SBUF=0xFF;
  96   2              while(TI==0);
  97   2              TI=0;
  98   2      }
  99   1      }
 100          
 101          


MODULE INFORMATION:   STATIC OVERLAYABLE
   CODE SIZE        =    195    ----
   CONSTANT SIZE    =   ----    ----
   XDATA SIZE       =   ----    ----
   PDATA SIZE       =   ----    ----
   DATA SIZE        =     11    ----
   IDATA SIZE       =   ----    ----
   BIT SIZE         =   ----    ----
END OF MODULE INFORMATION.


C51 COMPILATION COMPLETE.  0 WARNING(S),  0 ERROR(S)
