C51 COMPILER V9.01   MAIN                                                                  05/07/2021 14:32:25 PAGE 1   


C51 COMPILER V9.01, COMPILATION OF MODULE MAIN
OBJECT MODULE PLACED IN main.OBJ
COMPILER INVOKED BY: D:\Keil\C51\BIN\C51.EXE main.c BROWSE DEBUG OBJECTEXTEND

line level    source

   1          #include <REGX52.H>
   2          //#include "delay.H"
   3          #include "TIMER0.H"
   4          #include "NIXIE.H"
   5          #include "matrixkey.H"   
   6          //产生pwm的方法
   7          unsigned char Counter,Compare,Key,Speed,i;                //调节占空比只要调节Compare的值就可以
   8          sbit Motor=P1^0;
   9          
  10          void main()
  11          {
  12   1              Timer0Init();
  13   1      
  14   1              while(1)
  15   1              {
  16   2                      Key=matrixkey();
  17   2                      if(Key==1)
  18   2                      {
  19   3                              Speed++;
  20   3                              if(Speed==4)
  21   3                                      Speed=0;
  22   3                              if(Speed==0){Compare=0;}
  23   3                              if(Speed==1){Compare=50;}
  24   3                              if(Speed==2){Compare=70;}
  25   3                              if(Speed==3){Compare=100;}
  26   3                      }
  27   2                      Nixie(1,Speed); 
  28   2              } 
  29   1              
  30   1      }
  31          
  32          
  33          
  34          
  35          void Timer0_Routine() interrupt 1       //调用T0，溢出后接下来做什么(中断子程序)
  36          {
  37   1              TL0 = 0x9C;             //设置定时初始值
  38   1              TH0 = 0xFF;             //设置定时初始值
  39   1              Counter++;
  40   1              if(Counter>=100)
  41   1                      Counter=0;
  42   1              if(Counter<Compare)
  43   1              {
  44   2                      Motor=1;                          //给1转
  45   2              }
  46   1              else
  47   1              {
  48   2                      Motor=0;
  49   2              }
  50   1      
  51   1      }
  52          
  53          
  54          
  55          
C51 COMPILER V9.01   MAIN                                                                  05/07/2021 14:32:25 PAGE 2   

  56          
  57          
  58          


MODULE INFORMATION:   STATIC OVERLAYABLE
   CODE SIZE        =    106    ----
   CONSTANT SIZE    =   ----    ----
   XDATA SIZE       =   ----    ----
   PDATA SIZE       =   ----    ----
   DATA SIZE        =      5    ----
   IDATA SIZE       =   ----    ----
   BIT SIZE         =   ----    ----
END OF MODULE INFORMATION.


C51 COMPILATION COMPLETE.  0 WARNING(S),  0 ERROR(S)
