C51 COMPILER V9.01   DS1302                                                                05/20/2021 17:43:08 PAGE 1   


C51 COMPILER V9.01, COMPILATION OF MODULE DS1302
OBJECT MODULE PLACED IN DS1302.OBJ
COMPILER INVOKED BY: D:\Keil\C51\BIN\C51.EXE DS1302.c BROWSE DEBUG OBJECTEXTEND

line level    source

   1          #include <REGX52.H>
   2          
   3          sbit DS1302_SCLK=P3^6;
   4          sbit DS1302_IO=P3^4;
   5          sbit DS1302_CE=P3^5;
   6          
   7          // DS1302要先写入时钟，再读出，并显示在LCD1602上
   8          
   9          //写的地址加0x01就是读的地址
  10          #define DS1302_Second  0x80                        //写入秒
  11          #define DS1302_Minute  0x82                        //写入分钟
  12          #define DS1302_Hour    0x84                        //写入小时
  13          #define DS1302_Date    0x86                        //写入日
  14          #define DS1302_Month   0x88                        //写入月
  15          #define DS1302_Day     0x8a                        //写入星期
  16          #define DS1302_Year    0x8c                        //写入年
  17          #define DS1302_WP      0x8e                        //关闭保护
  18          
  19          
  20          
  21          unsigned char DS1302_Time[]={21,5,20,15,50,50,4};         //年、月、日、时、分、秒、星期
  22          
  23          
  24          
  25          //初始化
  26          void DS1302_Init(void)
  27          {
  28   1              DS1302_CE=0;
  29   1              DS1302_SCLK=0;
  30   1      }
  31          //写入指令和书记员
  32          void DS1302_WriteByte(unsigned char Command,Data)
  33          {
  34   1              unsigned char i;
  35   1              DS1302_CE=1;
  36   1              for(i=0;i<8;i++)
  37   1              {
  38   2                      DS1302_IO=Command&(0x01<<i);
  39   2                      DS1302_SCLK=1;                                  //一个机器周期大约为1us，所以不要加延时
  40   2                      DS1302_SCLK=0;
  41   2              }
  42   1              for(i=0;i<8;i++)
  43   1              {
  44   2                      DS1302_IO=Data&(0x01<<i);
  45   2                      DS1302_SCLK=1;                                  //一个机器周期大约为1us，所以不要加延时
  46   2                      DS1302_SCLK=0;
  47   2              }
  48   1              DS1302_CE=0;     
  49   1      }
  50          
  51          //读出数据
  52          unsigned char DS1302_ReadByte(unsigned char Command)
  53          {
  54   1              unsigned char i,Data=0x00;
  55   1              Command|=0x01;
C51 COMPILER V9.01   DS1302                                                                05/20/2021 17:43:08 PAGE 2   

  56   1              DS1302_CE=1;
  57   1              for(i=0;i<8;i++)
  58   1              {
  59   2                      DS1302_IO=Command&(0x01<<i);
  60   2                      DS1302_SCLK=0;                                  //一个机器周期大约为1us，所以不要加延时
  61   2                      DS1302_SCLK=1;
  62   2              }
  63   1              for(i=0;i<8;i++)
  64   1              {
  65   2                      DS1302_SCLK=1;
  66   2                      DS1302_SCLK=0;
  67   2                      if(DS1302_IO){Data=Data|(0x01<<i);}        //如果接收到了，就把Data置1，也就是Data就是接收到的数据              
  68   2              }
  69   1              DS1302_CE=0;
  70   1              DS1302_IO=0;            //写完一遍要置0，不然会花屏
  71   1              return Data;
  72   1      }
  73          
  74          //把数组写入到DS1302
  75          void DS1302_SetTime(void)
  76          {       
  77   1              DS1302_WriteByte(DS1302_WP,0x00);       //关闭写保护                                             //※※※※※※DS1302里为BCD码※※※※※※
  78   1              DS1302_WriteByte(DS1302_Year,DS1302_Time[0]/10*16+DS1302_Time[0]%10);   //写入年   //要转换成BCD码存进去
  79   1              DS1302_WriteByte(DS1302_Month,DS1302_Time[1]/10*16+DS1302_Time[1]%10);  //写入月   //要转换成BCD码存进去
  80   1              DS1302_WriteByte(DS1302_Date,DS1302_Time[2]/10*16+DS1302_Time[2]%10);    //写入日   //要转换成BCD码存进去
  81   1              DS1302_WriteByte(DS1302_Hour,DS1302_Time[3]/10*16+DS1302_Time[3]%10);    //写入小时   //要转换成BCD码存进去
  82   1              DS1302_WriteByte(DS1302_Minute,DS1302_Time[4]/10*16+DS1302_Time[4]%10);  //写入分钟   //要转换成BCD码存进
             -去
  83   1              DS1302_WriteByte(DS1302_Second,DS1302_Time[5]/10*16+DS1302_Time[5]%10);  //写入秒   //要转换成BCD码存进去
  84   1              DS1302_WriteByte(DS1302_Day,DS1302_Time[6]/10*16+DS1302_Time[6]%10);     //写入星期   //要转换成BCD码存进去
  85   1              DS1302_WriteByte(0x8f,0x00);    //打开写保护                                    
  86   1      }
  87          
  88          
  89          //读出DS1302的数据
  90          void DS1302_ReadTime(void)
  91          {
  92   1              unsigned char Temp;                                             //给个临时量
  93   1              Temp=DS1302_ReadByte(DS1302_Year);      //程序里已经自动加1了，加1是读的指令
  94   1              DS1302_Time[0]=Temp/16*10+Temp%16;              //DS1302为BCD码，取出来就要变成十进制码
  95   1              Temp=DS1302_ReadByte(DS1302_Month);      //程序里已经自动加1了，加1是读的指令
  96   1              DS1302_Time[1]=Temp/16*10+Temp%16;              //DS1302为BCD码，取出来就要变成十进制码
  97   1              Temp=DS1302_ReadByte(DS1302_Date);      //程序里已经自动加1了，加1是读的指令
  98   1              DS1302_Time[2]=Temp/16*10+Temp%16;              //DS1302为BCD码，取出来就要变成十进制码
  99   1              Temp=DS1302_ReadByte(DS1302_Hour);      //程序里已经自动加1了，加1是读的指令
 100   1              DS1302_Time[3]=Temp/16*10+Temp%16;              //DS1302为BCD码，取出来就要变成十进制码
 101   1              Temp=DS1302_ReadByte(DS1302_Minute);      //程序里已经自动加1了，加1是读的指令
 102   1              DS1302_Time[4]=Temp/16*10+Temp%16;              //DS1302为BCD码，取出来就要变成十进制码
 103   1              Temp=DS1302_ReadByte(DS1302_Second);      //程序里已经自动加1了，加1是读的指令
 104   1              DS1302_Time[5]=Temp/16*10+Temp%16;              //DS1302为BCD码，取出来就要变成十进制码
 105   1              Temp=DS1302_ReadByte(DS1302_Day);      //程序里已经自动加1了，加1是读的指令
 106   1              DS1302_Time[6]=Temp/16*10+Temp%16;              //DS1302为BCD码，取出来就要变成十进制码
 107   1      
 108   1      }
 109          
 110          
 111          
 112          
 113          
 114          
 115          
 116          
C51 COMPILER V9.01   DS1302                                                                05/20/2021 17:43:08 PAGE 3   

 117          
 118          
 119          
 120          
 121          
 122          


MODULE INFORMATION:   STATIC OVERLAYABLE
   CODE SIZE        =    550    ----
   CONSTANT SIZE    =   ----    ----
   XDATA SIZE       =   ----    ----
   PDATA SIZE       =   ----    ----
   DATA SIZE        =      7       2
   IDATA SIZE       =   ----    ----
   BIT SIZE         =   ----    ----
END OF MODULE INFORMATION.


C51 COMPILATION COMPLETE.  0 WARNING(S),  0 ERROR(S)
