C51 COMPILER V9.01   MAIN                                                                  05/05/2021 20:33:11 PAGE 1   


C51 COMPILER V9.01, COMPILATION OF MODULE MAIN
OBJECT MODULE PLACED IN main.OBJ
COMPILER INVOKED BY: D:\Keil\C51\BIN\C51.EXE main.c BROWSE DEBUG OBJECTEXTEND

line level    source

   1          #include <REGX52.H> 
   2          #include "delay.H"
   3          
   4          unsigned char shumaguan[]={0x3F,0x06,0x5B,0x4F,0x66,0x6D,0x7D,0x07,0x7F,0x6F}; 
   5          unsigned int i,num,a,b;      //如果定义无符号的char就只能为0~255，无符号的int为0~65535
   6          void key();
   7          void display(unsigned char shi,ge);
   8          void main()
   9          {  
  10   1              TMOD = 0x01;    //设置定时器模式
  11   1              TL0 = 0x18;             //设置定时初始值
  12   1              TH0 = 0xFC;             //设置定时初始值
  13   1              TF0 = 0;                //清除TF0标志
  14   1              TR0 = 0;                //定时器0开始计时
  15   1              EA = 1;
  16   1              ET0 = 1;
  17   1              while(1)
  18   1              {
  19   2                      a=num/10;
  20   2                      b=num%10;
  21   2                  display(a,b);
  22   2                      key();
  23   2              }
  24   1      }
  25          
  26          void display(unsigned char shi,ge)
  27          {
  28   1              P2_4=1;
  29   1              P2_3=0;
  30   1              P2_2=1;
  31   1              P0=shumaguan[shi];
  32   1              delay(10);
  33   1              P2_4=1;
  34   1              P2_3=0;
  35   1              P2_2=0;
  36   1              P0=shumaguan[ge];
  37   1              delay(10);
  38   1      }
  39                                     
  40          void T0_Timer() interrupt 1
  41          {       
  42   1              TL0 = 0x18;             //设置定时初始值
  43   1              TH0 = 0xFC;             //设置定时初始值
  44   1              i++;
  45   1              if(i==1000)
  46   1              {
  47   2                      i=0;
  48   2                      num++;
  49   2                      if(num==60)
  50   2                              num=0;
  51   2              }
  52   1      
  53   1      }
  54          
  55          void key()
C51 COMPILER V9.01   MAIN                                                                  05/05/2021 20:33:11 PAGE 2   

  56          {
  57   1              if(P3_1==0)
  58   1              {
  59   2                      delay(10);
  60   2                      while(P3_1==0);
  61   2                      delay(10);
  62   2                      num++;
  63   2                      if(num==60)
  64   2                              num=0;                  
  65   2              }
  66   1              if(P3_0==0)
  67   1              {
  68   2                      delay(10);
  69   2                      while(P3_0==0);
  70   2                      delay(10);      
  71   2                      if(num==0)
  72   2                              num=60;
  73   2                      num--;
  74   2              }
  75   1              if(P3_2==0)
  76   1              {
  77   2                      delay(10);
  78   2                      while(P3_2==0);
  79   2                      delay(10);
  80   2                      num=0;
  81   2              }
  82   1              if(P3_3==0)
  83   1              {
  84   2                      delay(10);
  85   2                      while(P3_3==0);
  86   2                      delay(10);
  87   2                      TR0=~TR0;       
  88   2              }
  89   1      }
  90          
  91          
  92          
  93          
  94          
  95          
  96          
  97          
  98          


MODULE INFORMATION:   STATIC OVERLAYABLE
   CODE SIZE        =    282    ----
   CONSTANT SIZE    =   ----    ----
   XDATA SIZE       =   ----    ----
   PDATA SIZE       =   ----    ----
   DATA SIZE        =     18       2
   IDATA SIZE       =   ----    ----
   BIT SIZE         =   ----    ----
END OF MODULE INFORMATION.


C51 COMPILATION COMPLETE.  0 WARNING(S),  0 ERROR(S)
