C51 COMPILER V9.01   MAIN                                                                  05/20/2021 09:54:47 PAGE 1   


C51 COMPILER V9.01, COMPILATION OF MODULE MAIN
OBJECT MODULE PLACED IN main.OBJ
COMPILER INVOKED BY: D:\Keil\C51\BIN\C51.EXE main.c BROWSE DEBUG OBJECTEXTEND

line level    source

   1          #include <REGX52.H>
   2          #include "delay.H"
   3          #include "matrixkey.H"
   4          #include "Timer0.H"
   5          #include "Nixie.H"
   6          
   7          unsigned char KeyNum;
   8          unsigned char Temp;
   9          
  10          void main()
  11          {
  12   1              Timer0Init();
  13   1              while(1)
  14   1              {
  15   2                      KeyNum=Key();
  16   2                      if(KeyNum)
  17   2                      {
  18   3                              Nixie_SetBuf(1,KeyNum);
  19   3                              Nixie_SetBuf(2,KeyNum);
  20   3                              Nixie_SetBuf(3,KeyNum);
  21   3                      }
  22   2              }  
  23   1      }
  24          
  25          
  26          
  27          void Timer0_Routine() interrupt 1       //调用T0，溢出后接下来做什么(中断子程序)
  28          {
  29   1              static unsigned int T0count1,T0count2;    //无符号int为0~65535
  30   1              TL0 = 0x18;                     //重新给初值。让它再从64535开始 
  31   1              TH0 = 0xFC;
  32   1              T0count1++;
  33   1              if(T0count1>=20)
  34   1              {
  35   2                      T0count1=0;
  36   2                      Key_Loop();     
  37   2              }
  38   1              T0count2++;
  39   1              if(T0count2>=2)
  40   1              {
  41   2                      T0count2=0;
  42   2                      Nixie_Loop();   
  43   2              }
  44   1      
  45   1      }
  46          
  47          
  48          
  49          
  50          
  51          
  52          
  53          
  54          
  55          
C51 COMPILER V9.01   MAIN                                                                  05/20/2021 09:54:47 PAGE 2   



MODULE INFORMATION:   STATIC OVERLAYABLE
   CODE SIZE        =    156    ----
   CONSTANT SIZE    =   ----    ----
   XDATA SIZE       =   ----    ----
   PDATA SIZE       =   ----    ----
   DATA SIZE        =      6    ----
   IDATA SIZE       =   ----    ----
   BIT SIZE         =   ----    ----
END OF MODULE INFORMATION.


C51 COMPILATION COMPLETE.  0 WARNING(S),  0 ERROR(S)
