C51 COMPILER V9.01   NIXIE                                                                 05/20/2021 09:54:47 PAGE 1   


C51 COMPILER V9.01, COMPILATION OF MODULE NIXIE
OBJECT MODULE PLACED IN Nixie.OBJ
COMPILER INVOKED BY: D:\Keil\C51\BIN\C51.EXE Nixie.c BROWSE DEBUG OBJECTEXTEND

line level    source

   1          #include <REGX52.H>
   2          #include "delay.h"
   3          
   4          unsigned char shumaguan[]={0x3F,0x06,0x5B,0x4F,0x66,0x6D,0x7D,0x07,0x7F,0x6F,0x00}; //数码管的数字
   5          unsigned char Nixie_Buf[9]={0,1,2,10,10,10,10,10,10};
   6          
   7          void Nixie_SetBuf(char Location,Number)
   8          {
   9   1              Nixie_Buf[Location]=Number;             
  10   1      }
  11          
  12          
  13          void Nixie_Scan(char Location,Number)     //NiXie为数码管,Location定义哪一个数码管亮，Number定义亮几
  14          {
  15   1              P0=0x00;
  16   1              switch(Location)
  17   1              {
  18   2                      case 1:P2_4=1;P2_3=1;P2_2=1;break;
  19   2                      case 2:P2_4=1;P2_3=1;P2_2=0;break;
  20   2                      case 3:P2_4=1;P2_3=0;P2_2=1;break;
  21   2                      case 4:P2_4=1;P2_3=0;P2_2=0;break;
  22   2                      case 5:P2_4=0;P2_3=1;P2_2=1;break;
  23   2                      case 6:P2_4=0;P2_3=1;P2_2=0;break;
  24   2                      case 7:P2_4=0;P2_3=0;P2_2=1;break;
  25   2                      case 8:P2_4=0;P2_3=0;P2_2=0;break;
  26   2              }
  27   1              P0=shumaguan[Number];   
  28   1      }
  29          
  30          
  31          
  32          void Nixie_Loop(void)  //数码管扫描               //每格2ms调用一次
  33          {
  34   1              static unsigned char i=1;
  35   1              Nixie_Scan(i,Nixie_Buf[i]);
  36   1              i++;
  37   1              if(i>=9){i=1;}  
  38   1      } 
  39          
  40          
  41          
  42          
  43          
  44          
  45          
  46          
  47          
  48          
  49          
  50          
  51          
  52          


MODULE INFORMATION:   STATIC OVERLAYABLE
C51 COMPILER V9.01   NIXIE                                                                 05/20/2021 09:54:47 PAGE 2   

   CODE SIZE        =    138    ----
   CONSTANT SIZE    =   ----    ----
   XDATA SIZE       =   ----    ----
   PDATA SIZE       =   ----    ----
   DATA SIZE        =     21    ----
   IDATA SIZE       =   ----    ----
   BIT SIZE         =   ----    ----
END OF MODULE INFORMATION.


C51 COMPILATION COMPLETE.  0 WARNING(S),  0 ERROR(S)
