C51 COMPILER V9.01   MAIN                                                                  05/25/2021 15:14:45 PAGE 1   


C51 COMPILER V9.01, COMPILATION OF MODULE MAIN
OBJECT MODULE PLACED IN main.OBJ
COMPILER INVOKED BY: D:\Keil\C51\BIN\C51.EXE main.c BROWSE DEBUG OBJECTEXTEND

line level    source

   1          #include <REGX52.H>
   2          #include "DELAY.H"
   3          #include "UART.H" 
   4          
   5          unsigned char Sec=0X00;
   6          
   7          void main()
   8          {
   9   1              UART_Init();
  10   1      
  11   1              while(1)
  12   1              {
  13   2                      UART_SendByte(Sec);
  14   2                      Sec++;
  15   2                      delay(1000);    //发的太快有误差
  16   2              }
  17   1      }


MODULE INFORMATION:   STATIC OVERLAYABLE
   CODE SIZE        =     19    ----
   CONSTANT SIZE    =   ----    ----
   XDATA SIZE       =   ----    ----
   PDATA SIZE       =   ----    ----
   DATA SIZE        =      1    ----
   IDATA SIZE       =   ----    ----
   BIT SIZE         =   ----    ----
END OF MODULE INFORMATION.


C51 COMPILATION COMPLETE.  0 WARNING(S),  0 ERROR(S)
