C51 COMPILER V9.01   UART                                                                  05/25/2021 17:12:28 PAGE 1   


C51 COMPILER V9.01, COMPILATION OF MODULE UART
OBJECT MODULE PLACED IN UART.OBJ
COMPILER INVOKED BY: D:\Keil\C51\BIN\C51.EXE UART.c BROWSE DEBUG OBJECTEXTEND

line level    source

   1          #include <REGX52.H>
   2          
   3          
   4          //串口初始化
   5          void UART_Init()    //异步收发传输器初始化
   6          {               
   7   1      
   8   1              TMOD &= 0x0F;   //设置定时器模式
   9   1              TMOD |= 0x20;   //设置定时器模式
  10   1              TL1 = 0xF3;             //设置定时初始值
  11   1              TH1 = 0xF3;             //设置定时重载值                          //12MHZ只能4800波特率，误差小
  12   1              TR1 = 1;                //定时器启动
  13   1              SCON=0x40;              //串行口控制寄存器   SM0=0；SM1=1；REN=1； 
  14   1              PCON |= 0x80;   //电源控制寄存器         SMOD=1；
  15   1              ET1 = 0;        //禁止定时器中断         
  16   1      
  17   1      }
  18          
  19          
  20          //串口发送一个字节数据
  21          void UART_SendByte(unsigned char Byte)
  22          {
  23   1              SBUF=Byte;                        //把要发送的字节送给缓冲寄存器
  24   1              while(TI==0);             //判断是否发送完毕，如果发送完毕TI会由系统自动置1
  25   1              TI=0;                              //响应中断后必须手动置0，
  26   1      }


MODULE INFORMATION:   STATIC OVERLAYABLE
   CODE SIZE        =     31    ----
   CONSTANT SIZE    =   ----    ----
   XDATA SIZE       =   ----    ----
   PDATA SIZE       =   ----    ----
   DATA SIZE        =   ----    ----
   IDATA SIZE       =   ----    ----
   BIT SIZE         =   ----    ----
END OF MODULE INFORMATION.


C51 COMPILATION COMPLETE.  0 WARNING(S),  0 ERROR(S)
