C51 COMPILER V9.01   PROJECT                                                               05/04/2021 17:37:51 PAGE 1   


C51 COMPILER V9.01, COMPILATION OF MODULE PROJECT
OBJECT MODULE PLACED IN project.OBJ
COMPILER INVOKED BY: D:\Keil\C51\BIN\C51.EXE project.c BROWSE DEBUG OBJECTEXTEND

line level    source

   1          #include <REGX52.H>
   2          //#include <INTRINS.H>
   3          void delay(int ms)              //@12.000MHz
   4          {
   5   1              while(ms)
   6   1              {
   7   2                      unsigned char i, j;
   8   2                      i = 2;
   9   2                      j = 239;
  10   2                      do
  11   2                              {
  12   3                                      while (--j);
  13   3                              } 
  14   2                              while (--i);
  15   2                      ms--;
  16   2              }       
  17   1      }
  18          
  19          
  20          
  21          void main()
  22          {
  23   1              while(1)
  24   1              {
  25   2                      P2_0=0;    
  26   2                      delay(10);
  27   2                      P2_0=1;
  28   2                      P2_1=0; 
  29   2                      delay(10);
  30   2                      P2_1=1;
  31   2                      P2_2=0; 
  32   2                      delay(10);
  33   2                      P2_2=1;
  34   2                      P2_3=0;
  35   2                      delay(10);
  36   2                      P2_3=1;
  37   2                      P2_4=0; 
  38   2                      delay(10);
  39   2                      P2_4=1;
  40   2                      P2_5=0;
  41   2                      delay(10);
  42   2                      P2_5=1;
  43   2                      P2_6=0;  
  44   2                      delay(10);
  45   2                      P2_6=1;
  46   2                      P2_7=0;  
  47   2                      delay(10);
  48   2                      P2_7=1;
  49   2                      
  50   2              }       
  51   1      }


MODULE INFORMATION:   STATIC OVERLAYABLE
   CODE SIZE        =     86    ----
C51 COMPILER V9.01   PROJECT                                                               05/04/2021 17:37:51 PAGE 2   

   CONSTANT SIZE    =   ----    ----
   XDATA SIZE       =   ----    ----
   PDATA SIZE       =   ----    ----
   DATA SIZE        =   ----       2
   IDATA SIZE       =   ----    ----
   BIT SIZE         =   ----    ----
END OF MODULE INFORMATION.


C51 COMPILATION COMPLETE.  0 WARNING(S),  0 ERROR(S)
