C51 COMPILER V9.01   MIAN                                                                  05/07/2021 11:08:42 PAGE 1   


C51 COMPILER V9.01, COMPILATION OF MODULE MIAN
OBJECT MODULE PLACED IN mian.OBJ
COMPILER INVOKED BY: D:\Keil\C51\BIN\C51.EXE mian.c BROWSE DEBUG OBJECTEXTEND

line level    source

   1          #include <REGX52.H>
   2          //#include "delay.H" 
   3          
   4          sbit LED=P2^0;
   5          
   6          void del(unsigned int t)                 //快延时
   7          {
   8   1              while(t--);
   9   1      }
  10          
  11          void main()
  12          {       unsigned char time,z;    //光定义time会闪的非常快，再定义一个i用来延缓变化              
  13   1              while(1)
  14   1              {
  15   2                      for(time=0;time<100;time++)
  16   2                      {
  17   3                              for(z=0;z<20;z++)
  18   3                              {
  19   4                                      LED=0;
  20   4                                      del(time);
  21   4                                      LED=1;
  22   4                                      del(100-time);                           
  23   4                              }
  24   3      
  25   3                      }
  26   2                       for(time=100;time>0;time--)
  27   2                      {
  28   3                              for(z=0;z<20;z++)
  29   3                              {
  30   4                                      LED=0;
  31   4                                      del(time);
  32   4                                      LED=1;
  33   4                                      del(100-time);
  34   4                              }
  35   3      
  36   3                      }
  37   2              }
  38   1      
  39   1      //              LED=0;
  40   1      //              LED=1;
  41   1      //              LED=1;
  42   1      //              LED=1;
  43   1      //              LED=1;
  44   1      //              LED=1;
  45   1      //              LED=1;
  46   1      //              LED=1;           //亮一个，灭7个，灯变暗，这就是PWM的基本原理
  47   1              
  48   1      }


MODULE INFORMATION:   STATIC OVERLAYABLE
   CODE SIZE        =     68    ----
   CONSTANT SIZE    =   ----    ----
   XDATA SIZE       =   ----    ----
   PDATA SIZE       =   ----    ----
C51 COMPILER V9.01   MIAN                                                                  05/07/2021 11:08:42 PAGE 2   

   DATA SIZE        =   ----    ----
   IDATA SIZE       =   ----    ----
   BIT SIZE         =   ----    ----
END OF MODULE INFORMATION.


C51 COMPILATION COMPLETE.  0 WARNING(S),  0 ERROR(S)
