C51 COMPILER V9.01   PROJECT                                                               05/22/2021 14:28:34 PAGE 1   


C51 COMPILER V9.01, COMPILATION OF MODULE PROJECT
OBJECT MODULE PLACED IN project.OBJ
COMPILER INVOKED BY: D:\Keil\C51\BIN\C51.EXE project.c BROWSE DEBUG OBJECTEXTEND

line level    source

   1          #include <REGX52.H>
   2          
   3          
   4          void Delayms(int ms)            //@12.000MHz
   5          {
   6   1              unsigned char i, j;
   7   1              while(ms)
   8   1              {
   9   2                      i = 2;
  10   2                      j = 239;
  11   2                      do
  12   2                      {
  13   3                              while (--j);
  14   3                      } while (--i);
  15   2                      ms--;
  16   2              }
  17   1      }
  18          
  19          
  20          
  21          void main()
  22          {
  23   1              while(1)
  24   1              {
  25   2                      if(P3_1==0)                              //判断按键的按下
  26   2                      {
  27   3                              Delayms(100);   //消除抖动 一般大约100ms
  28   3                              if(P3_1==0)      //再次判断按键是否按下
  29   3                                      {
  30   4                                              P2_0=~P2_0;       //led状态取反
  31   4                                      }
  32   3                              while(P3_1==1)                             //检测按键是否松开
  33   3                                      {
  34   4                                              continue;
  35   4                                      }
  36   3                      }       
  37   2              }
  38   1      }


MODULE INFORMATION:   STATIC OVERLAYABLE
   CODE SIZE        =     40    ----
   CONSTANT SIZE    =   ----    ----
   XDATA SIZE       =   ----    ----
   PDATA SIZE       =   ----    ----
   DATA SIZE        =   ----    ----
   IDATA SIZE       =   ----    ----
   BIT SIZE         =   ----    ----
END OF MODULE INFORMATION.


C51 COMPILATION COMPLETE.  0 WARNING(S),  0 ERROR(S)
