C51 COMPILER V9.01   PROJECT                                                               04/28/2021 15:54:14 PAGE 1   


C51 COMPILER V9.01, COMPILATION OF MODULE PROJECT
OBJECT MODULE PLACED IN project.OBJ
COMPILER INVOKED BY: D:\Keil\C51\BIN\C51.EXE project.c BROWSE DEBUG OBJECTEXTEND

line level    source

   1          //#include <REGX52.H>
   2          //void main()
   3          //{
   4          //
   5          //      while(1)
   6          //      {
   7          //              P0=0x30;                //p0口规定亮的数字（高电平亮，低电平灭）
   8          //              P2_4=1;                  //p2口由138译码器规定是哪个位置的数码管亮
   9          //              P2_3=0;
  10          //              P2_2=0; 
  11          //      }
  12          //}
  13          
  14          
  15          #include <REGX52.H>
  16          unsigned char shumaguan[]={0x3F,0x06,0x5B,0x4F,0x66,0x6D,0x7D,0x07,0x7F,0x6F}; //数码管的数字
  17          
  18          void NiXie(char Location,Number)          //NiXie为数码管,Location定义哪一个数码管亮，Number定义亮几
  19          {
  20   1              switch(Location)
  21   1              {
  22   2                      case 1:P2_4=1;P2_3=1;P2_2=1;break;
  23   2                      case 2:P2_4=1;P2_3=1;P2_2=0;break;
  24   2                      case 3:P2_4=1;P2_3=0;P2_2=1;break;
  25   2                      case 4:P2_4=1;P2_3=0;P2_2=0;break;
  26   2                      case 5:P2_4=0;P2_3=1;P2_2=1;break;
  27   2                      case 6:P2_4=0;P2_3=1;P2_2=0;break;
  28   2                      case 7:P2_4=0;P2_3=0;P2_2=1;break;
  29   2                      case 8:P2_4=0;P2_3=0;P2_2=0;break;
  30   2              }
  31   1              P0=shumaguan[Number];   
  32   1      }
  33          
  34          
  35          
  36          void main()
  37          {
  38   1              while(1)
  39   1              {
  40   2                      NiXie(3,3);
  41   2              }
  42   1      }
  43          
  44          
  45          
  46          
  47          
  48          
  49          
  50          
  51          
  52          


MODULE INFORMATION:   STATIC OVERLAYABLE
C51 COMPILER V9.01   PROJECT                                                               04/28/2021 15:54:14 PAGE 2   

   CODE SIZE        =    110    ----
   CONSTANT SIZE    =   ----    ----
   XDATA SIZE       =   ----    ----
   PDATA SIZE       =   ----    ----
   DATA SIZE        =     10    ----
   IDATA SIZE       =   ----    ----
   BIT SIZE         =   ----    ----
END OF MODULE INFORMATION.


C51 COMPILATION COMPLETE.  0 WARNING(S),  0 ERROR(S)
