C51 COMPILER V9.01   MAIN                                                                  05/13/2021 10:48:57 PAGE 1   


C51 COMPILER V9.01, COMPILATION OF MODULE MAIN
OBJECT MODULE PLACED IN main.OBJ
COMPILER INVOKED BY: D:\Keil\C51\BIN\C51.EXE main.c BROWSE DEBUG OBJECTEXTEND

line level    source

   1          #include <REGX52.H>
   2          #include "Timer0.H"
   3          sbit Buzzer=P1^5;
   4          
   5          
   6          
   7          void main()
   8          {
   9   1              Timer0Init();
  10   1              while(1)
  11   1              {
  12   2                      
  13   2              }
  14   1      } 
  15          
  16          
  17          //每1ms来来一次中断
  18          void Timer0_Routine() interrupt 1       //调用T0，溢出后接下来做什么(中断子程序)
  19          {
  20   1              TL0 = 0x18;                     //重新给初值。让它再从64535开始 
  21   1              TH0 = 0xFC;
  22   1              Buzzer=~Buzzer;                  //产生500Hz的反转频率
  23   1      }


MODULE INFORMATION:   STATIC OVERLAYABLE
   CODE SIZE        =     14    ----
   CONSTANT SIZE    =   ----    ----
   XDATA SIZE       =   ----    ----
   PDATA SIZE       =   ----    ----
   DATA SIZE        =   ----    ----
   IDATA SIZE       =   ----    ----
   BIT SIZE         =   ----    ----
END OF MODULE INFORMATION.


C51 COMPILATION COMPLETE.  0 WARNING(S),  0 ERROR(S)
