C51 COMPILER V9.01   MAIN                                                                  04/28/2021 20:15:29 PAGE 1   


C51 COMPILER V9.01, COMPILATION OF MODULE MAIN
OBJECT MODULE PLACED IN main.OBJ
COMPILER INVOKED BY: D:\Keil\C51\BIN\C51.EXE main.c BROWSE DEBUG OBJECTEXTEND

line level    source

   1          #include <REGX52.H>
   2          #include "delay.h"
   3          #include "Nixie.h"
   4          void main()
   5          {
   6   1              while(1)
   7   1              {
   8   2                      Nixie(1,1);
   9   2      //              delay(2);
  10   2                      Nixie(2,2);
  11   2      //              delay(2);
  12   2                      Nixie(3,3);
  13   2      //              delay(2);
  14   2                      Nixie(4,4);
  15   2      //              delay(2);
  16   2                      Nixie(5,5);
  17   2      //              delay(2);
  18   2                      Nixie(6,6);
  19   2      //              delay(2);
  20   2              }
  21   1      }


MODULE INFORMATION:   STATIC OVERLAYABLE
   CODE SIZE        =     56    ----
   CONSTANT SIZE    =   ----    ----
   XDATA SIZE       =   ----    ----
   PDATA SIZE       =   ----    ----
   DATA SIZE        =   ----    ----
   IDATA SIZE       =   ----    ----
   BIT SIZE         =   ----    ----
END OF MODULE INFORMATION.


C51 COMPILATION COMPLETE.  0 WARNING(S),  0 ERROR(S)
