C51 COMPILER V9.01   MAIN                                                                  05/05/2021 15:48:05 PAGE 1   


C51 COMPILER V9.01, COMPILATION OF MODULE MAIN
OBJECT MODULE PLACED IN main.OBJ
COMPILER INVOKED BY: D:\Keil\C51\BIN\C51.EXE main.c BROWSE DEBUG OBJECTEXTEND

line level    source

   1          #include <REGX52.H>
   2          #include "Timer0.H" 
   3          #include "KEY.H"
   4          #include <INTRINS.H>
   5          
   6          unsigned char KeyNum,LEDMode;  
   7          void main()
   8          {
   9   1              P2=0xfe;
  10   1              Timer0Init();              
  11   1              while(1)
  12   1              {
  13   2                      KeyNum=Key();
  14   2                      if(KeyNum)
  15   2                      {
  16   3                              if(KeyNum==1)
  17   3                              {       
  18   4                                      LEDMode++;
  19   4                                      if(LEDMode>=2)LEDMode=0;
  20   4                              }
  21   3                      }               
  22   2              }
  23   1      }
  24          
  25          
  26          void Timer0_Routine() interrupt 1       //调用T0，溢出后接下来做什么(中断子程序)
  27          {
  28   1              static unsigned int T0count;
  29   1              TL0 = 0x18;                     //重新给初值。让它再从64535开始 
  30   1              TH0 = 0xFC;
  31   1              T0count++;
  32   1              if(T0count>=500)
  33   1              {
  34   2                      T0count=0;
  35   2                      if(LEDMode==0)P2=_crol_(P2,1);
  36   2                      if(LEDMode==1)P2=_cror_(P2,1);  
  37   2              }
  38   1      
  39   1      }
  40          
  41          
  42          
  43          
  44          
  45          //void Timer0Init(void)         //1毫秒@12.000MHz
  46          //{
  47          //
  48          //      TMOD &= 0xF0;           //设置定时器模式
  49          //      TMOD |= 0x01;           //设置定时器模式
  50          //      TL0 = 0x18;             //设置定时初始值
  51          //      TH0 = 0xFC;             //设置定时初始值
  52          //      TF0 = 0;                //清除TF0标志
  53          //      TR0 = 1;                //定时器0开始计时
  54          //      ET0=1;          //中断允许控制            （允许T0中断）
  55          //      EA=1;           //                                                （开放中断）
C51 COMPILER V9.01   MAIN                                                                  05/05/2021 15:48:05 PAGE 2   

  56          //      PT0=0;                  //优先级控制             （低级的优先级）（默认也是低级）
  57          //}
  58          
  59          
  60          
  61          


MODULE INFORMATION:   STATIC OVERLAYABLE
   CODE SIZE        =    116    ----
   CONSTANT SIZE    =   ----    ----
   XDATA SIZE       =   ----    ----
   PDATA SIZE       =   ----    ----
   DATA SIZE        =      4    ----
   IDATA SIZE       =   ----    ----
   BIT SIZE         =   ----    ----
END OF MODULE INFORMATION.


C51 COMPILATION COMPLETE.  0 WARNING(S),  0 ERROR(S)
