C51 COMPILER V9.01   XPT2046                                                               05/07/2021 08:40:29 PAGE 1   


C51 COMPILER V9.01, COMPILATION OF MODULE XPT2046
OBJECT MODULE PLACED IN XPT2046.OBJ
COMPILER INVOKED BY: D:\Keil\C51\BIN\C51.EXE XPT2046.c BROWSE DEBUG OBJECTEXTEND

line level    source

   1          #include <REGX52.H>
   2          
   3          sbit XPT2046_CS=P3^5;
   4          sbit XPT2046_DCLK=P3^6;
   5          sbit XPT2046_DIN=P3^4;
   6          sbit XPT2046_DOUT=P3^7;
   7          
   8          
   9          unsigned int XPT2046_readAD(unsigned char Command)
  10          {
  11   1              unsigned char i;
  12   1              unsigned int ADvalue;
  13   1              XPT2046_DCLK=0;    //初始化（不初始化也行）
  14   1              XPT2046_CS=0;
  15   1      
  16   1              for(i=0;i<8;i++)
  17   1              {
  18   2                      XPT2046_DIN=Command&(0x80>>i);  //把Command的位数依次给DIN
  19   2                      XPT2046_DCLK=1;
  20   2                      XPT2046_DCLK=0;
  21   2              }
  22   1              for(i=0;i<16;i++)
  23   1              {
  24   2                      XPT2046_DCLK=1;
  25   2                      XPT2046_DCLK=0;
  26   2                      if(XPT2046_DOUT){ADvalue|=(0x8000>>i);}         //依次制高电平       0或1=1
  27   2              }
  28   1                      
  29   1              XPT2046_CS=1;
  30   1              return ADvalue>>8;
  31   1      }
  32          
  33          
  34          
  35          
  36          
  37          
  38          
  39          
  40          
  41          
  42          
  43          
  44          
  45          
  46          
  47          
  48          
  49          
  50          


MODULE INFORMATION:   STATIC OVERLAYABLE
   CODE SIZE        =     85    ----
   CONSTANT SIZE    =   ----    ----
C51 COMPILER V9.01   XPT2046                                                               05/07/2021 08:40:29 PAGE 2   

   XDATA SIZE       =   ----    ----
   PDATA SIZE       =   ----    ----
   DATA SIZE        =   ----       2
   IDATA SIZE       =   ----    ----
   BIT SIZE         =   ----    ----
END OF MODULE INFORMATION.


C51 COMPILATION COMPLETE.  0 WARNING(S),  0 ERROR(S)
