C51 COMPILER V9.01   DS18B20                                                               05/22/2021 18:31:15 PAGE 1   


C51 COMPILER V9.01, COMPILATION OF MODULE DS18B20
OBJECT MODULE PLACED IN DS18B20.OBJ
COMPILER INVOKED BY: D:\Keil\C51\BIN\C51.EXE DS18B20.c BROWSE DEBUG OBJECTEXTEND

line level    source

   1          #include <REGX52.H>
   2          #include "LCD1602.H"
   3          #include "DS18B20 One Wire.H"
   4          
   5          void DS18B20_ConvertT(void)             //开始温度变换    PPT上有
   6          {
   7   1              OneWire_Init();
   8   1              OneWire_SendByte(0xcc);
   9   1              OneWire_SendByte(0x44);
  10   1      }
  11          
  12          
  13          float DS18B20_ReadT(void)
  14          {
  15   1              unsigned char TLSB,TMSB;
  16   1              int Temp;
  17   1              float T;
  18   1              OneWire_Init();
  19   1              OneWire_SendByte(0xcc);
  20   1              OneWire_SendByte(0xbe);
  21   1              TLSB=OneWire_ReceiveByte();
  22   1              TMSB=OneWire_ReceiveByte();
  23   1      //      LCD_ShowBinNum(1,1,TMSB,8);
  24   1      //      LCD_ShowBinNum(1,9,TLSB,8);
  25   1              Temp=(TMSB<<8)|TLSB;
  26   1              T=Temp/16.0;
  27   1              return T;
  28   1      }
  29          
  30          
  31          
  32          
  33          
  34          
  35          
  36          
  37          
  38          
  39          
  40          
  41          
  42          
  43          
  44          
  45          
  46          
  47          
  48           


MODULE INFORMATION:   STATIC OVERLAYABLE
   CODE SIZE        =     57    ----
   CONSTANT SIZE    =   ----    ----
   XDATA SIZE       =   ----    ----
   PDATA SIZE       =   ----    ----
C51 COMPILER V9.01   DS18B20                                                               05/22/2021 18:31:15 PAGE 2   

   DATA SIZE        =   ----       1
   IDATA SIZE       =   ----    ----
   BIT SIZE         =   ----    ----
END OF MODULE INFORMATION.


C51 COMPILATION COMPLETE.  0 WARNING(S),  0 ERROR(S)
