C51 COMPILER V9.01   DS18B20_ONE_WIRE                                                      05/22/2021 18:31:15 PAGE 1   


C51 COMPILER V9.01, COMPILATION OF MODULE DS18B20_ONE_WIRE
OBJECT MODULE PLACED IN DS18B20 One Wire.OBJ
COMPILER INVOKED BY: D:\Keil\C51\BIN\C51.EXE DS18B20 One Wire.c BROWSE DEBUG OBJECTEXTEND

line level    source

   1          #include <REGX52.H>
   2          
   3          
   4          sbit OneWire_PQ=P3^7;
   5          
   6          //初始化
   7          unsigned char OneWire_Init(void)        
   8          {       
   9   1              unsigned char i,AckBit;                 //AckBit为应答位
  10   1              EA=0;                                                                           /*EA中断的打开和关闭主要是为了使定时器不扰乱数据传输的延时*/                               
  11   1              OneWire_PQ=1;
  12   1              OneWire_PQ=0;
  13   1              i = 247;while (--i);            //延时500us
  14   1              OneWire_PQ=1;
  15   1              i = 32;while (--i);                     //延时70us(15-60us)
  16   1              AckBit= OneWire_PQ;                //应答的数据给应答位
  17   1              i = 247;while (--i);            //延时500us
  18   1              EA=1;
  19   1              return  AckBit;                    //从机如果给响应了就是0，没有给就是1
  20   1      }
  21          
  22          
  23          //发送一位
  24          void OneWire_SendBit(unsigned char Bit)
  25          {   
  26   1              unsigned char i;
  27   1              EA=0;
  28   1              OneWire_PQ=0;
  29   1              i = 4;while (--i);        //延时13us左右
  30   1              OneWire_PQ=Bit;
  31   1              i = 24;while (--i);       //延时50us左右
  32   1              OneWire_PQ=1;
  33   1              EA=1;
  34   1      }
  35          
  36          //接收一位
  37          unsigned char OneWire_ReceiveBit(void)
  38          {
  39   1              
  40   1              unsigned char Bite,i; 
  41   1              EA=0;
  42   1              OneWire_PQ=0;
  43   1              i = 2;while (--i);         //5us的延时
  44   1              OneWire_PQ=1;
  45   1              i = 2;while (--i);         //5us的延时
  46   1              Bite=OneWire_PQ;
  47   1              i = 24;while (--i);       //延时50us左右
  48   1              EA=1;
  49   1              return Bite;
  50   1      }
  51          
  52          
  53          
  54          //发送一个字节
  55          void OneWire_SendByte(unsigned char Byte)
C51 COMPILER V9.01   DS18B20_ONE_WIRE                                                      05/22/2021 18:31:15 PAGE 2   

  56          {
  57   1              unsigned char i;
  58   1              for(i=0;i<8;i++)
  59   1              {
  60   2                      OneWire_SendBit(Byte&0x01<<i);
  61   2              }       
  62   1      }
  63          
  64          
  65          
  66          //接收一个字节
  67          unsigned char OneWire_ReceiveByte(void)
  68          {
  69   1              unsigned char i,Byte=0x00;
  70   1              for(i=0;i<8;i++)
  71   1              {
  72   2                      if(OneWire_ReceiveBit()){Byte=Byte|(0x01<<i);}
  73   2              }
  74   1              return Byte;    
  75   1      }
  76          
  77          
  78          
  79          
  80          
  81          
  82          
  83          
  84          
  85          
  86          
  87          


MODULE INFORMATION:   STATIC OVERLAYABLE
   CODE SIZE        =    134    ----
   CONSTANT SIZE    =   ----    ----
   XDATA SIZE       =   ----    ----
   PDATA SIZE       =   ----    ----
   DATA SIZE        =   ----    ----
   IDATA SIZE       =   ----    ----
   BIT SIZE         =   ----    ----
END OF MODULE INFORMATION.


C51 COMPILATION COMPLETE.  0 WARNING(S),  0 ERROR(S)
