C51 COMPILER V9.01   I2C                                                                   05/22/2021 18:31:15 PAGE 1   


C51 COMPILER V9.01, COMPILATION OF MODULE I2C
OBJECT MODULE PLACED IN I2C.OBJ
COMPILER INVOKED BY: D:\Keil\C51\BIN\C51.EXE I2C.c BROWSE DEBUG OBJECTEXTEND

line level    source

   1          #include <REGX52.H>
   2          
   3          
   4          sbit I2C_SCL=P2^1;
   5          sbit I2C_SDA=P2^0;
   6          
   7          
   8          //启动信号
   9          void I2C_Start(void)
  10          {
  11   1              I2C_SCL=1;
  12   1              I2C_SDA=1;
  13   1              I2C_SDA=0;
  14   1              I2C_SCL=0;
  15   1      }
  16          
  17          
  18          
  19          //停止信号
  20          void I2C_Stop(void)
  21          {
  22   1              I2C_SDA=0;
  23   1              I2C_SCL=1;
  24   1              I2C_SDA=1;
  25   1      }
  26          
  27          
  28          
  29          
  30          //发送一个字节
  31          void I2C_SendByte(unsigned char Byte)
  32          {
  33   1              unsigned char i;
  34   1              for(i=0;i<8;i++)
  35   1              {
  36   2                      I2C_SDA=Byte&(0x80>>i);
  37   2                      I2C_SCL=1;
  38   2                      I2C_SCL=0;
  39   2              }
  40   1      }
  41          
  42          //接收一个字节
  43          unsigned char I2C_ReceiveByte(void)
  44          {
  45   1              unsigned char i,Byte;
  46   1              I2C_SDA=1;    //主机在接收之前，需要释放SDA，置1
  47   1              for(i=0;i<8;i++)
  48   1              {
  49   2                      I2C_SCL=1;
  50   2                      if(I2C_SDA){Byte=Byte|(0x80>>i);}
  51   2                      I2C_SCL=0;
  52   2              }
  53   1              return Byte;
  54   1      }
  55          
C51 COMPILER V9.01   I2C                                                                   05/22/2021 18:31:15 PAGE 2   

  56          
  57          
  58          //发送应答信号
  59          void I2C_SendAck(unsigned char AckByte)   //应答一位0或1  0指应答，1指非应答
  60          {
  61   1              I2C_SDA=AckByte;
  62   1              I2C_SCL=1;
  63   1              I2C_SCL=0;
  64   1      }
  65          
  66          
  67          
  68          //接收应答信号
  69          unsigned char I2C_ReceiveAck(void)
  70          {
  71   1              unsigned char AckBit;
  72   1              I2C_SDA=1;               //主机在接收之前，需要释放SDA，置1
  73   1              I2C_SCL=1;
  74   1              AckBit=I2C_SDA;
  75   1              I2C_SCL=0;
  76   1              return  AckBit;
  77   1      }
  78          
  79          
  80          
  81          
  82          
  83          
  84          
  85          
  86          
  87          
  88          
  89          
  90          


MODULE INFORMATION:   STATIC OVERLAYABLE
   CODE SIZE        =    108    ----
   CONSTANT SIZE    =   ----    ----
   XDATA SIZE       =   ----    ----
   PDATA SIZE       =   ----    ----
   DATA SIZE        =   ----    ----
   IDATA SIZE       =   ----    ----
   BIT SIZE         =   ----    ----
END OF MODULE INFORMATION.


C51 COMPILATION COMPLETE.  0 WARNING(S),  0 ERROR(S)
