C51 COMPILER V9.01   MAIN                                                                  04/26/2021 17:00:08 PAGE 1   


C51 COMPILER V9.01, COMPILATION OF MODULE MAIN
OBJECT MODULE PLACED IN main.OBJ
COMPILER INVOKED BY: D:\Keil\C51\BIN\C51.EXE main.c BROWSE DEBUG OBJECTEXTEND

line level    source

   1          #include <REGX52.H>
   2          
   3          
   4          void Delay1ms(unsigned int ms)          //@12.000MHz
   5          {
   6   1              while(ms)
   7   1              {
   8   2                      unsigned char i, j;
   9   2                      i = 2;
  10   2                      j = 239;
  11   2                      do
  12   2                              {
  13   3                                      while (--j);
  14   3                              } 
  15   2                              while (--i);
  16   2                      ms--;
  17   2              }       
  18   1      }
  19          
  20          
  21          
  22          
  23          void main()
  24          {
  25   1              while(1)
  26   1              {
  27   2                      P2=0xfe;    //1111 1110
  28   2                      Delay1ms(100);
  29   2                      P2=0xfd;        //1111 1101
  30   2                      Delay1ms(200);
  31   2                      P2=0xfb;        //1111 1011
  32   2                      Delay1ms(300);
  33   2                      P2=0xf7;        //1111 0111
  34   2                      Delay1ms(400);
  35   2                      P2=0xef;        //1110 1111
  36   2                      Delay1ms(500);
  37   2                      P2=0xdf;        //1101 1111
  38   2                      Delay1ms(600);
  39   2                      P2=0xbf;        //1011 1111
  40   2                      Delay1ms(700);
  41   2                      P2=0x7f;        //0111 1111
  42   2                      Delay1ms(800);
  43   2                      }
  44   1      }


MODULE INFORMATION:   STATIC OVERLAYABLE
   CODE SIZE        =    106    ----
   CONSTANT SIZE    =   ----    ----
   XDATA SIZE       =   ----    ----
   PDATA SIZE       =   ----    ----
   DATA SIZE        =   ----       2
   IDATA SIZE       =   ----    ----
   BIT SIZE         =   ----    ----
END OF MODULE INFORMATION.

C51 COMPILER V9.01   MAIN                                                                  04/26/2021 17:00:08 PAGE 2   


C51 COMPILATION COMPLETE.  0 WARNING(S),  0 ERROR(S)
