C51 COMPILER V9.01   MAIN                                                                  05/20/2021 20:22:26 PAGE 1   


C51 COMPILER V9.01, COMPILATION OF MODULE MAIN
OBJECT MODULE PLACED IN main.OBJ
COMPILER INVOKED BY: D:\Keil\C51\BIN\C51.EXE main.c BROWSE DEBUG OBJECTEXTEND

line level    source

   1          #include <REGX52.H>
   2          #include "LCD1602.H"
   3          #include "DS1302.H"
   4          #include "delay.H"
   5          #include "matrixkey.H"
   6          #include "Timer0.H"
   7          
   8          unsigned char KeyNum,Mode,TimeSelect,TimeFlag;
   9          
  10          
  11          void TimeShow(void)
  12          {
  13   1              DS1302_ReadTime();        
  14   1              LCD_ShowNum(1,1,DS1302_Time[0],2);                //年
  15   1              LCD_ShowNum(1,4,DS1302_Time[1],2);                //月
  16   1              LCD_ShowNum(1,7,DS1302_Time[2],2);                //日
  17   1              LCD_ShowNum(2,1,DS1302_Time[3],2);                //时
  18   1              LCD_ShowNum(2,4,DS1302_Time[4],2);                //分
  19   1              LCD_ShowNum(2,7,DS1302_Time[5],2);                //秒
  20   1      }
  21          
  22          
  23          void TimeSet(void)
  24          {
  25   1              if(KeyNum==2)
  26   1              {
  27   2                      TimeSelect++;
  28   2                      if(TimeSelect>5) TimeSelect=0;
  29   2              }
  30   1              if(KeyNum==3)
  31   1              {
  32   2                      DS1302_Time[TimeSelect]++;
  33   2                      if(DS1302_Time[0]>99){DS1302_Time[0]=0;}
  34   2                      if(DS1302_Time[1]>12){DS1302_Time[1]=1;}
  35   2                      if(DS1302_Time[1]==1||DS1302_Time[1]==3||DS1302_Time[1]==5||DS1302_Time[1]==8||DS1302_Time[1]==10||DS130
             -2_Time[1]==12||DS1302_Time[1]==7)
  36   2                      {
  37   3                              if(DS1302_Time[2]>31){DS1302_Time[2]=1;}                         
  38   3                      }                                       
  39   2                      else if(DS1302_Time[1]==4||DS1302_Time[1]==6||DS1302_Time[1]==9||DS1302_Time[1]==11)
  40   2                      {
  41   3                              if(DS1302_Time[2]>30){DS1302_Time[2]=1;}
  42   3                      }
  43   2                      else if(DS1302_Time[1]==2)
  44   2                      {
  45   3                              if(DS1302_Time[0]%4==0)
  46   3                              {
  47   4                                      if(DS1302_Time[2]>29){DS1302_Time[2]=1;}
  48   4                              }
  49   3                              else
  50   3                              {
  51   4                                      if(DS1302_Time[2]>28){DS1302_Time[2]=1;}
  52   4                              }
  53   3                      }
  54   2                      if(DS1302_Time[3]>23){DS1302_Time[3]=0;}
C51 COMPILER V9.01   MAIN                                                                  05/20/2021 20:22:26 PAGE 2   

  55   2                      if(DS1302_Time[4]>59){DS1302_Time[4]=0;}
  56   2                      if(DS1302_Time[5]>59){DS1302_Time[5]=0;}
  57   2      
  58   2              }
  59   1              if(KeyNum==4)
  60   1              {
  61   2                      DS1302_Time[TimeSelect]--;
  62   2                      if(DS1302_Time[0]<0){DS1302_Time[0]=99;}
  63   2                      if(DS1302_Time[1]<1){DS1302_Time[1]=12;}
  64   2                      if(DS1302_Time[1]==1||DS1302_Time[1]==3||DS1302_Time[1]==5||DS1302_Time[1]==8||DS1302_Time[1]==10||DS130
             -2_Time[1]==12||DS1302_Time[1]==7)
  65   2                      {
  66   3                              if(DS1302_Time[2]<1){DS1302_Time[2]=31;}
  67   3                              if(DS1302_Time[2]>31){DS1302_Time[2]=1;}                         
  68   3                               
  69   3                      }                                       
  70   2                      else if(DS1302_Time[1]==4||DS1302_Time[1]==6||DS1302_Time[1]==9||DS1302_Time[1]==11)
  71   2                      {
  72   3                              if(DS1302_Time[2]<1){DS1302_Time[2]=30;}
  73   3                              if(DS1302_Time[2]>30){DS1302_Time[2]=1;}
  74   3                      }
  75   2                      else if(DS1302_Time[1]==2)
  76   2                      {
  77   3                              if(DS1302_Time[0]%4==0)
  78   3                              {
  79   4                                      if(DS1302_Time[2]<1){DS1302_Time[2]=29;}
  80   4                                      if(DS1302_Time[2]>29){DS1302_Time[2]=1;}
  81   4                              }
  82   3                              else
  83   3                              {
  84   4                                      if(DS1302_Time[2]<1){DS1302_Time[2]=28;}
  85   4                                      if(DS1302_Time[2]>28){DS1302_Time[2]=1;}
  86   4                              }
  87   3                      }
  88   2                      if(DS1302_Time[3]<0){DS1302_Time[3]=23;}
  89   2                      if(DS1302_Time[4]<0){DS1302_Time[4]=59;}
  90   2                      if(DS1302_Time[5]<0){DS1302_Time[5]=59;}
  91   2              }
  92   1              if(TimeSelect==0&&TimeFlag==1){LCD_ShowString(1,1,"  ");}
  93   1              else {LCD_ShowNum(1,1,DS1302_Time[0],2);}
  94   1              if(TimeSelect==1&&TimeFlag==1){LCD_ShowString(1,4,"  ");}
  95   1              else {LCD_ShowNum(1,4,DS1302_Time[1],2);}
  96   1              if(TimeSelect==2&&TimeFlag==1){LCD_ShowString(1,7,"  ");}
  97   1              else {LCD_ShowNum(1,7,DS1302_Time[2],2);}
  98   1              if(TimeSelect==3&&TimeFlag==1){LCD_ShowString(2,1,"  ");}
  99   1              else {LCD_ShowNum(2,1,DS1302_Time[3],2);}
 100   1              if(TimeSelect==4&&TimeFlag==1){LCD_ShowString(2,4,"  ");}
 101   1              else {LCD_ShowNum(2,4,DS1302_Time[4],2);}
 102   1              if(TimeSelect==5&&TimeFlag==1){LCD_ShowString(2,7,"  ");}
 103   1              else {LCD_ShowNum(2,7,DS1302_Time[5],2);}                               
 104   1      }
 105          
 106          
 107           
 108          void main()
 109          {
 110   1              LCD_Init();
 111   1              DS1302_Init();
 112   1              Timer0Init();
 113   1              DS1302_SetTime();          //只需要存一次，如果有备用电源，里面就会自己开始走
 114   1              LCD_ShowString(1,3,"-");
 115   1              LCD_ShowString(1,6,"-");
C51 COMPILER V9.01   MAIN                                                                  05/20/2021 20:22:26 PAGE 3   

 116   1              LCD_ShowString(2,3,":");
 117   1              LCD_ShowString(2,6,":");
 118   1      
 119   1              while(1)
 120   1              {
 121   2                      KeyNum=matrixkey();
 122   2                      if(KeyNum==1)
 123   2                      {
 124   3                              if(Mode==0){Mode=1;}
 125   3                              else if(Mode==1){Mode=0;DS1302_SetTime();}      
 126   3                      }
 127   2                      switch(Mode)
 128   2                      {
 129   3                              case 0:TimeShow();break;
 130   3                              case 1:TimeSet();break;
 131   3                      }
 132   2              }
 133   1      }
 134          
 135          
 136          void Timer0_Routine() interrupt 1       //调用T0，溢出后接下来做什么(中断子程序)
 137          {
 138   1              static unsigned int T0count;    //无符号int为0~65535
 139   1              TL0 = 0x18;                     //重新给初值。让它再从64535开始 
 140   1              TH0 = 0xFC;
 141   1              T0count++;
 142   1              if(T0count>=500)
 143   1              {
 144   2                      T0count=0;
 145   2                      TimeFlag=!TimeFlag;        //定时器以1秒为周期在0和1之间切换（标志位）
 146   2              }
 147   1      
 148   1      }
 149          
 150          
 151          
 152          
 153          
 154          
 155          
 156          
 157          
 158          
 159          
 160          
 161          
 162          
 163          


MODULE INFORMATION:   STATIC OVERLAYABLE
   CODE SIZE        =    994    ----
   CONSTANT SIZE    =      7    ----
   XDATA SIZE       =   ----    ----
   PDATA SIZE       =   ----    ----
   DATA SIZE        =      6    ----
   IDATA SIZE       =   ----    ----
   BIT SIZE         =   ----    ----
END OF MODULE INFORMATION.


C51 COMPILATION COMPLETE.  0 WARNING(S),  0 ERROR(S)
