C51 COMPILER V9.00   USART                                                                 05/09/2021 16:01:04 PAGE 1   


C51 COMPILER V9.00, COMPILATION OF MODULE USART
OBJECT MODULE PLACED IN usart.OBJ
COMPILER INVOKED BY: D:\Keil6\C51\BIN\C51.EXE usart.c BROWSE DEBUG OBJECTEXTEND

line level    source

   1          /***************************飞音云电子****************************
   2          **  工程名称：YS-V0.7语音识别模块驱动程序
   3          **      CPU: STC11L08XE
   4          **      晶振：22.1184MHZ
   5          **      波特率：9600 bit/S
   6          **      配套产品信息：YS-V0.7语音识别开发板
   7          **                http://yuesheng001.taobao.com
   8          **  作者：zdings
   9          **  联系：751956552@qq.com
  10          **  修改日期：2013.9.13
  11          **  说明：口令模式： 即每次识别时都需要说“小杰”这个口令 ，才能够进行下一级的识别
  12          /***************************飞音云电子******************************/
  13          #include "config.h"
  14          #define FOSC 22118400L      //System frequency
  15          uint32_t baud=9600;           //UART baudrate
  16          /************************************************************************
  17          函 数 名： 串口初始化
  18          功能描述： STC10L08XE 单片机串口初始化函数
  19          返回函数： none
  20          其他说明： none
  21          **************************************************************************/
  22          void UartIni(void)
  23          {
  24   1          SCON = 0x50;            //8-bit variable UART
  25   1          TMOD = 0x20;            //Set Timer1 as 8-bit auto reload mode
  26   1          TH1 = TL1 = -(FOSC/12/32/baud); //Set auto-reload vaule
  27   1          TR1 = 1;                //Timer1 start run
  28   1          ES = 1;                 //Enable UART interrupt
  29   1          EA = 1;                 //Open master interrupt switch
  30   1      }
  31          /***********************************************************
  32          * 名    称： 
  33          * 功    能： 
  34          * 入口参数： 无 
  35          * 出口参数：无
  36          * 说    明：                                     
  37          **********************************************************/
  38          void Uart_Isr() interrupt 4 using 1
  39          {       
  40   1              if(RI)
  41   1              {       
  42   2                        
  43   2              }
  44   1      
  45   1      }
  46          /************************************************************************
  47          功能描述：      串口发送一字节数据
  48          入口参数：      DAT:带发送的数据
  49          返 回 值：      none
  50          其他说明：      none
  51          **************************************************************************/
  52          void UARTSendByte(uint8_t DAT)
  53          {
  54   1              ES  =  0;
  55   1              TI=0;
C51 COMPILER V9.00   USART                                                                 05/09/2021 16:01:04 PAGE 2   

  56   1              SBUF = DAT;
  57   1              while(TI==0);
  58   1              TI=0;
  59   1              ES = 1;
  60   1      }
  61          /************************************************************************
  62          功能描述： 串口发送字符串数据
  63          入口参数：      *DAT：字符串指针
  64          返 回 值： none
  65          其他说明： API 供外部使用，直观！
  66          **************************************************************************/
  67          void PrintCom(uint8_t *DAT)
  68          {
  69   1              while(*DAT)
  70   1              {
  71   2                      UARTSendByte(*DAT++);
  72   2              }       
  73   1      }
  74          


MODULE INFORMATION:   STATIC OVERLAYABLE
   CODE SIZE        =     91    ----
   CONSTANT SIZE    =   ----    ----
   XDATA SIZE       =   ----    ----
   PDATA SIZE       =   ----    ----
   DATA SIZE        =      2       3
   IDATA SIZE       =   ----    ----
   BIT SIZE         =   ----    ----
END OF MODULE INFORMATION.


C51 COMPILATION COMPLETE.  0 WARNING(S),  0 ERROR(S)
