C51 COMPILER V9.01   MAIN                                                                  06/02/2021 16:08:49 PAGE 1   


C51 COMPILER V9.01, COMPILATION OF MODULE MAIN
OBJECT MODULE PLACED IN main.OBJ
COMPILER INVOKED BY: D:\Keil\C51\BIN\C51.EXE main.c BROWSE DEBUG OBJECTEXTEND

line level    source

   1          #include <REGX52.H>
   2          #include "delaytime10us.h"
   3          #include "motorrun.h"
   4          
   5          sbit key=P2^0;
   6          
   7          void main()
   8          {
   9   1              while(1)
  10   1              {
  11   2                  if(key==0)
  12   2                      {
  13   3                       MotorRun(4096/2,1,100);
  14   3                      }
  15   2                      else
  16   2                      {
  17   3                      MotorRun(4096/2,0,100);                         //      nangle=4096为一圈；     drct=0为逆时针转动，drct=1为顺时针转动；  speed转速75`
             -400；
  18   3                      }
  19   2                      delay(50000);           //停止  延时500ms
  20   2              }
  21   1      }
  22          


MODULE INFORMATION:   STATIC OVERLAYABLE
   CODE SIZE        =     33    ----
   CONSTANT SIZE    =   ----    ----
   XDATA SIZE       =   ----    ----
   PDATA SIZE       =   ----    ----
   DATA SIZE        =   ----    ----
   IDATA SIZE       =   ----    ----
   BIT SIZE         =   ----    ----
END OF MODULE INFORMATION.


C51 COMPILATION COMPLETE.  0 WARNING(S),  0 ERROR(S)
