C51 COMPILER V9.01   MAIN                                                                  05/07/2021 15:05:55 PAGE 1   


C51 COMPILER V9.01, COMPILATION OF MODULE MAIN
OBJECT MODULE PLACED IN main.OBJ
COMPILER INVOKED BY: D:\Keil\C51\BIN\C51.EXE main.c BROWSE DEBUG OBJECTEXTEND

line level    source

   1          #include <REGX52.H>
   2          #include "delay.H"
   3          #include "TIMER0.H"
   4          //#include "NIXIE.H"
   5          //#include "matrixkey.H"   
   6          //产生pwm的方法
   7          unsigned char Counter,Compare,i;                  //调节占空比只要调节Compare的值就可以
   8          sbit DA=P2^1;
   9          
  10          void main()
  11          {
  12   1              Timer0Init();
  13   1      
  14   1              while(1)
  15   1              {
  16   2      
  17   2                       for(i=0;i<100;i++)
  18   2                       {
  19   3                               Compare=i;
  20   3                               delay(10);
  21   3                       }
  22   2                       for(i=100;i>0;i--)
  23   2                       {
  24   3                               Compare=i;
  25   3                               delay(10);
  26   3                       }
  27   2              
  28   2              
  29   2              } 
  30   1              
  31   1      }
  32          
  33          
  34          
  35          
  36          void Timer0_Routine() interrupt 1       //调用T0，溢出后接下来做什么(中断子程序)
  37          {
  38   1              TL0 = 0x9C;             //设置定时初始值
  39   1              TH0 = 0xFF;             //设置定时初始值
  40   1              Counter++;
  41   1              if(Counter>=100)
  42   1                      Counter=0;
  43   1              if(Counter<Compare)
  44   1              {
  45   2                      DA=1;                     
  46   2              }
  47   1              else
  48   1              {
  49   2                      DA=0;
  50   2              }
  51   1      
  52   1      }
  53          
  54          
  55          
C51 COMPILER V9.01   MAIN                                                                  05/07/2021 15:05:55 PAGE 2   

  56          
  57          
  58          
  59          


MODULE INFORMATION:   STATIC OVERLAYABLE
   CODE SIZE        =     89    ----
   CONSTANT SIZE    =   ----    ----
   XDATA SIZE       =   ----    ----
   PDATA SIZE       =   ----    ----
   DATA SIZE        =      3    ----
   IDATA SIZE       =   ----    ----
   BIT SIZE         =   ----    ----
END OF MODULE INFORMATION.


C51 COMPILATION COMPLETE.  0 WARNING(S),  0 ERROR(S)
