C51 COMPILER V9.01   NIXIE                                                                 05/07/2021 12:48:26 PAGE 1   


C51 COMPILER V9.01, COMPILATION OF MODULE NIXIE
OBJECT MODULE PLACED IN Nixie.OBJ
COMPILER INVOKED BY: D:\Keil\C51\BIN\C51.EXE Nixie.c BROWSE DEBUG OBJECTEXTEND

line level    source

   1          #include <REGX52.H>
   2          #include "delay.h"
   3          
   4          unsigned char shumaguan[]={0x3F,0x06,0x5B,0x4F,0x66,0x6D,0x7D,0x07,0x7F,0x6F}; //数码管的数字
   5          
   6          void Nixie(char Location,Number)          //NiXie为数码管,Location定义哪一个数码管亮，Number定义亮几
   7          {
   8   1              switch(Location)
   9   1              {
  10   2                      case 1:P2_4=1;P2_3=1;P2_2=1;break;
  11   2                      case 2:P2_4=1;P2_3=1;P2_2=0;break;
  12   2                      case 3:P2_4=1;P2_3=0;P2_2=1;break;
  13   2                      case 4:P2_4=1;P2_3=0;P2_2=0;break;
  14   2                      case 5:P2_4=0;P2_3=1;P2_2=1;break;
  15   2                      case 6:P2_4=0;P2_3=1;P2_2=0;break;
  16   2                      case 7:P2_4=0;P2_3=0;P2_2=1;break;
  17   2                      case 8:P2_4=0;P2_3=0;P2_2=0;break;
  18   2              }
  19   1              P0=shumaguan[Number];
  20   1              delay(1);               //这两行代码是消影的作用
  21   1              P0=0x00;        
  22   1      }


MODULE INFORMATION:   STATIC OVERLAYABLE
   CODE SIZE        =    109    ----
   CONSTANT SIZE    =   ----    ----
   XDATA SIZE       =   ----    ----
   PDATA SIZE       =   ----    ----
   DATA SIZE        =     10    ----
   IDATA SIZE       =   ----    ----
   BIT SIZE         =   ----    ----
END OF MODULE INFORMATION.


C51 COMPILATION COMPLETE.  0 WARNING(S),  0 ERROR(S)
