C51 COMPILER V9.01   MAINN                                                                 04/28/2021 17:31:05 PAGE 1   


C51 COMPILER V9.01, COMPILATION OF MODULE MAINN
OBJECT MODULE PLACED IN mainn.OBJ
COMPILER INVOKED BY: D:\Keil\C51\BIN\C51.EXE mainn.c BROWSE DEBUG OBJECTEXTEND

line level    source

   1          #include <REGX52.H>
   2          unsigned char shumaguan[]={0x3F,0x06,0x5B,0x4F,0x66,0x6D,0x7D,0x07,0x7F,0x6F}; //数码管的数字
   3          
   4          
   5          void delay(int ms)              //@12.000MHz
   6          {
   7   1              unsigned char i, j;
   8   1              while(ms)
   9   1              {
  10   2                      i = 2;
  11   2                      j = 239;
  12   2                      do
  13   2                      {
  14   3                              while (--j);
  15   3                      } while (--i);
  16   2                      ms--;
  17   2              }
  18   1      }
  19          
  20          
  21          
  22          
  23          
  24          void NiXie(char Location,Number)          //NiXie为数码管,Location定义哪一个数码管亮，Number定义亮几
  25          {
  26   1              switch(Location)
  27   1              {
  28   2                      case 1:P2_4=1;P2_3=1;P2_2=1;break;
  29   2                      case 2:P2_4=1;P2_3=1;P2_2=0;break;
  30   2                      case 3:P2_4=1;P2_3=0;P2_2=1;break;
  31   2                      case 4:P2_4=1;P2_3=0;P2_2=0;break;
  32   2                      case 5:P2_4=0;P2_3=1;P2_2=1;break;
  33   2                      case 6:P2_4=0;P2_3=1;P2_2=0;break;
  34   2                      case 7:P2_4=0;P2_3=0;P2_2=1;break;
  35   2                      case 8:P2_4=0;P2_3=0;P2_2=0;break;
  36   2              }
  37   1              P0=shumaguan[Number];
  38   1              delay(1);               //这两行代码是消影的作用
  39   1              P0=0x00;        
  40   1      }
  41          
  42          
  43          
  44          void main()
  45          {
  46   1              while(1)
  47   1              {
  48   2                      NiXie(1,1);
  49   2      //              delay(2);
  50   2                      NiXie(2,2);
  51   2      //              delay(2);
  52   2                      NiXie(3,3);
  53   2      //              delay(2);
  54   2                      NiXie(4,4);
  55   2      //              delay(2);
C51 COMPILER V9.01   MAINN                                                                 04/28/2021 17:31:05 PAGE 2   

  56   2                      NiXie(5,5);
  57   2      //              delay(2);
  58   2                      NiXie(6,6);
  59   2      //              delay(2);
  60   2      
  61   2              }
  62   1      }
  63          
  64          
  65          
  66          
  67          


MODULE INFORMATION:   STATIC OVERLAYABLE
   CODE SIZE        =    185    ----
   CONSTANT SIZE    =   ----    ----
   XDATA SIZE       =   ----    ----
   PDATA SIZE       =   ----    ----
   DATA SIZE        =     10    ----
   IDATA SIZE       =   ----    ----
   BIT SIZE         =   ----    ----
END OF MODULE INFORMATION.


C51 COMPILATION COMPLETE.  0 WARNING(S),  0 ERROR(S)
