C51 COMPILER V9.01   MAIN                                                                  05/04/2021 21:34:55 PAGE 1   


C51 COMPILER V9.01, COMPILATION OF MODULE MAIN
OBJECT MODULE PLACED IN main.OBJ
COMPILER INVOKED BY: D:\Keil\C51\BIN\C51.EXE main.c BROWSE DEBUG OBJECTEXTEND

line level    source

   1          //#include <REGX51.H>
   2          //void main()
   3          //{
   4          ////    P2=0xef;   //1111 1110八个接口，低电平点亮灯，低电位为0，所以点亮最后一个就为0  
   5          //                    //用十六进制表达
   6          //                        //二进制的1111表示15,15在十六进制里为F，1110代表14，14在十六进制里为E
   7          //    while(1)  //加了个while，说明程序已经停止在while里了，而不是一直的执行主程序
   8          //      {
   9          //              P2_1=0;         
  10          //      }         
  11          //}                       
  12          //
  13          // //0101 0101=0x55
  14          //
  15          
  16          
  17          
  18          #include <REGX51.H>
  19          
  20          void main()
  21          {
  22   1              while(1)
  23   1              {
  24   2                      P2=0x56;
  25   2              }
  26   1      }
  27          


MODULE INFORMATION:   STATIC OVERLAYABLE
   CODE SIZE        =      5    ----
   CONSTANT SIZE    =   ----    ----
   XDATA SIZE       =   ----    ----
   PDATA SIZE       =   ----    ----
   DATA SIZE        =   ----    ----
   IDATA SIZE       =   ----    ----
   BIT SIZE         =   ----    ----
END OF MODULE INFORMATION.


C51 COMPILATION COMPLETE.  0 WARNING(S),  0 ERROR(S)
