C51 COMPILER V9.01   MAIN                                                                  05/07/2021 14:24:01 PAGE 1   


C51 COMPILER V9.01, COMPILATION OF MODULE MAIN
OBJECT MODULE PLACED IN main.OBJ
COMPILER INVOKED BY: D:\Keil\C51\BIN\C51.EXE main.c BROWSE DEBUG OBJECTEXTEND

line level    source

   1          #include <REGX52.H>
   2          #include "delay.H"
   3          #include "TIMER0.H"
   4          #include "NIXIE.H"
   5          #include "matrixkey.H"   
   6          //产生pwm的方法
   7          unsigned char Counter,Compare,Key,Speed,i;                //调节占空比只要调节Compare的值就可以
   8          sbit LED=P2^0;
   9          
  10          void main()
  11          {
  12   1              Timer0Init();
  13   1              Compare=10;
  14   1              while(1)
  15   1              {
  16   2      
  17   2              }
  18   1      }
  19          
  20          
  21          
  22          
  23          void Timer0_Routine() interrupt 1       //调用T0，溢出后接下来做什么(中断子程序)
  24          {
  25   1              TL0 = 0x9C;             //设置定时初始值
  26   1              TH0 = 0xFF;             //设置定时初始值
  27   1              Counter++;
  28   1              if(Counter>=100)
  29   1                      Counter=0;
  30   1              if(Counter<Compare)
  31   1              {
  32   2                      LED=0;
  33   2              }
  34   1              else
  35   1              {
  36   2                      LED=1;
  37   2              }
  38   1      
  39   1      }
  40          
  41          
  42          
  43          
  44          
  45          
  46          


MODULE INFORMATION:   STATIC OVERLAYABLE
   CODE SIZE        =     48    ----
   CONSTANT SIZE    =   ----    ----
   XDATA SIZE       =   ----    ----
   PDATA SIZE       =   ----    ----
   DATA SIZE        =      5    ----
   IDATA SIZE       =   ----    ----
C51 COMPILER V9.01   MAIN                                                                  05/07/2021 14:24:01 PAGE 2   

   BIT SIZE         =   ----    ----
END OF MODULE INFORMATION.


C51 COMPILATION COMPLETE.  0 WARNING(S),  0 ERROR(S)
