C51 COMPILER V9.00   TIMER0                                                                05/02/2021 17:13:33 PAGE 1   


C51 COMPILER V9.00, COMPILATION OF MODULE TIMER0
OBJECT MODULE PLACED IN timer0.OBJ
COMPILER INVOKED BY: D:\Keil6\C51\BIN\C51.EXE timer0.c BROWSE DEBUG OBJECTEXTEND

line level    source

   1          #include <REGX52.H>
   2          
   3          void Timer0_Init()
   4          {
   5   1        TMOD &= 0xF0;         //设置定时器模式
   6   1        TMOD |= 0x01;         //设置定时器模式   方式一
   7   1        TL0 = 0x33;           //设置定时初始值         定时0.5ms
   8   1        TH0 = 0xFF;           //设置定时初始值
   9   1        ET0=1;          //打开定时器0的中断
  10   1        TR0=1;          //打开定时器0
  11   1        EA=1;           //开总中断
  12   1      }


MODULE INFORMATION:   STATIC OVERLAYABLE
   CODE SIZE        =     19    ----
   CONSTANT SIZE    =   ----    ----
   XDATA SIZE       =   ----    ----
   PDATA SIZE       =   ----    ----
   DATA SIZE        =   ----    ----
   IDATA SIZE       =   ----    ----
   BIT SIZE         =   ----    ----
END OF MODULE INFORMATION.


C51 COMPILATION COMPLETE.  0 WARNING(S),  0 ERROR(S)
