C51 COMPILER V9.00   UART                                                                  05/02/2021 18:17:54 PAGE 1   


C51 COMPILER V9.00, COMPILATION OF MODULE UART
OBJECT MODULE PLACED IN UART.OBJ
COMPILER INVOKED BY: D:\Keil6\C51\BIN\C51.EXE UART.c BROWSE DEBUG OBJECTEXTEND

line level    source

   1          #include <REGX52.H>
   2          
   3          
   4          void Uart_Init()   //9600bps@11.0592MHz
   5          {
   6   1              PCON |= 0x80;           //使能波特率加倍        
   7   1              SCON = 0x50;            //8位数据
   8   1              TMOD &= 0x0F;           //清除定时器1模式
   9   1              TMOD |= 0x20;           //设定定时器8为自动
  10   1              TL1 = 0xFA;                     //设定初始值
  11   1              TH1 = 0xFA;                     //设定初始值
  12   1              ET1 = 0;                
  13   1          TR1 = 1;
  14   1          EA = 1;
  15   1          ES =1 ;     
  16   1      }
  17          


MODULE INFORMATION:   STATIC OVERLAYABLE
   CODE SIZE        =     27    ----
   CONSTANT SIZE    =   ----    ----
   XDATA SIZE       =   ----    ----
   PDATA SIZE       =   ----    ----
   DATA SIZE        =   ----    ----
   IDATA SIZE       =   ----    ----
   BIT SIZE         =   ----    ----
END OF MODULE INFORMATION.


C51 COMPILATION COMPLETE.  0 WARNING(S),  0 ERROR(S)
