C51 COMPILER V9.01   TIMER0                                                                04/29/2021 23:23:44 PAGE 1   


C51 COMPILER V9.01, COMPILATION OF MODULE TIMER0
OBJECT MODULE PLACED IN Timer0.OBJ
COMPILER INVOKED BY: D:\Keil\C51\BIN\C51.EXE Timer0.c BROWSE DEBUG OBJECTEXTEND

line level    source

   1          #include <REGX52.H>
   2          
   3          //定时器0初始化，1毫秒
   4          void Timer0Init(void)           //1毫秒@12.000MHz
   5          {
   6   1      
   7   1              TMOD &= 0xF0;           //设置定时器模式
   8   1              TMOD |= 0x01;           //设置定时器模式
   9   1              TL0 = 0x18;             //设置定时初始值
  10   1              TH0 = 0xFC;             //设置定时初始值
  11   1              TF0 = 0;                //清除TF0标志
  12   1              TR0 = 1;                //定时器0开始计时
  13   1              ET0=1;          //中断允许控制            （允许T0中断）
  14   1              EA=1;           //                                                （开放中断）
  15   1              PT0=0;                  //优先级控制             （低级的优先级）（默认也是低级）
  16   1      }
  17          
  18          
  19          
  20          
  21          /*定时器中断函数模板（灯的一秒闪烁）
  22          void Timer0_Routine() interrupt 1       //调用T0，溢出后接下来做什么(中断子程序)
  23          {
  24                  static unsigned int T0count;
  25                  TL0 = 0x18;                     //重新给初值。让它再从64535开始 
  26                  TH0 = 0xFC;
  27                  T0count++;
  28                  if(T0count>=1000)
  29                  {
  30                          T0count=0;
  31                          P2_0=~P2_0;     
  32                  }
  33          
  34          }
  35          */


MODULE INFORMATION:   STATIC OVERLAYABLE
   CODE SIZE        =     23    ----
   CONSTANT SIZE    =   ----    ----
   XDATA SIZE       =   ----    ----
   PDATA SIZE       =   ----    ----
   DATA SIZE        =   ----    ----
   IDATA SIZE       =   ----    ----
   BIT SIZE         =   ----    ----
END OF MODULE INFORMATION.


C51 COMPILATION COMPLETE.  0 WARNING(S),  0 ERROR(S)
